"../../../HorizonTweenDemo/Content/ExampleContent/Destructibles/Materials/M_StandardMaterial.uasset" 0
"../../../HorizonTweenDemo/Content/ExampleContent/Destructibles/Materials/M_StandardMaterial_Inst.uasset" 1
"../../../HorizonTweenDemo/Content/ExampleContent/Destructibles/Meshes/SM_Destructible.uasset" 2
"../../../Engine/Content/EditorBlueprintResources/ActorMacros.uasset" 3
"../../../HorizonTweenDemo/Content/DemoRoom/Textures/T_UE4_Logo_M.uasset" 4
"../../../HorizonTweenDemo/Content/ExampleContent/NetworkFeatures/Materials/M_UE4_Logo_Alt_1.uasset" 5
"../../../HorizonTweenDemo/Content/DemoRoom/Materials/M_UE4_Logo_2.uasset" 6
"../../../HorizonTweenDemo/Content/DemoRoom/Meshes/SM_UE4_Logo.uasset" 7
"../../../HorizonTweenDemo/Content/ExampleContent/Blueprints/Materials/M_Orange_Shiny.uasset" 8
"../../../HorizonTweenDemo/Content/ExampleContent/Blueprints/Meshes/SM_Button.uasset" 9
"../../../HorizonTweenDemo/Content/DemoRoom/Materials/M_DemoWall.uasset" 10
"../../../HorizonTweenDemo/Content/ExampleContent/Audio/Physical_Materials/Rubber.uasset" 11
"../../../HorizonTweenDemo/Content/DemoRoom/Materials/M_DemoWall_Inst.uasset" 12
"../../../HorizonTweenDemo/Content/ExampleContent/Audio/Physical_Materials/Metal.uasset" 13
"../../../HorizonTweenDemo/Content/DemoRoom/Materials/M_DemoWall_Inst_3.uasset" 14
"../../../HorizonTweenDemo/Content/DemoRoom/Materials/M_DemoWall_Inst_NamePlate.uasset" 15
"../../../HorizonTweenDemo/Content/ExampleContent/Blueprints/Meshes/SM_Button_Base.uasset" 16
"../../../HorizonTweenDemo/Content/ExampleContent/Effects/Materials/m_flare_01.uasset" 17
"../../../HorizonTweenDemo/Content/ExampleContent/Input_Examples/Materials/M_Radial_Gradient.uasset" 18
"../../../HorizonTweenDemo/Content/ExampleContent/NetworkFeatures/Effects/P_Particle_Burst.uasset" 19
"../../../HorizonTweenDemo/Content/ExampleContent/NetworkFeatures/Blueprints/BP_Button_Multicast.uasset" 20
"../../../Engine/Content/EngineFonts/RobotoDistanceField.uasset" 21
"../../../HorizonTweenDemo/Content/ExampleContent/NetworkFeatures/Blueprints/BP_HUD_Network.uasset" 22
"../../../HorizonTweenDemo/Content/Character/HeroTPP_Skeleton.uasset" 23
"../../../HorizonTweenDemo/Content/Animations/JumpEnd.uasset" 24
"../../../HorizonTweenDemo/Content/Animations/JumpLoop.uasset" 25
"../../../HorizonTweenDemo/Content/Animations/JumpStart.uasset" 26
"../../../HorizonTweenDemo/Content/ExampleContent/Audio/Audio/SoundClasses/Ambient_Inside_Showcase.uasset" 27
"../../../HorizonTweenDemo/Content/ExampleContent/Audio/Audio/SoundClasses/Ambient_Inside.uasset" 28
"../../../HorizonTweenDemo/Content/ExampleContent/Audio/Audio/SoundClasses/Ambient_Outside.uasset" 29
"../../../HorizonTweenDemo/Content/ExampleContent/Audio/Audio/SoundClasses/Ship_Outside.uasset" 30
"../../../HorizonTweenDemo/Content/ExampleContent/Audio/Audio/SoundClasses/Ambience.uasset" 31
"../../../HorizonTweenDemo/Content/ExampleContent/Audio/Audio/SoundClasses/Anim_Sequence.uasset" 32
"../../../HorizonTweenDemo/Content/ExampleContent/Audio/Audio/SoundClasses/SFX.uasset" 33
"../../../HorizonTweenDemo/Content/ExampleContent/Audio/Audio/SoundClasses/Combat.uasset" 34
"../../../HorizonTweenDemo/Content/ExampleContent/Audio/Audio/SoundClasses/5_1_LFe_Bleed.uasset" 35
"../../../HorizonTweenDemo/Content/ExampleContent/Audio/Audio/SoundClasses/Music.uasset" 36
"../../../HorizonTweenDemo/Content/ExampleContent/Audio/Audio/SoundMixes/Dialog_Duckall_PSM.uasset" 37
"../../../HorizonTweenDemo/Content/ExampleContent/Audio/Audio/SoundClasses/Dialog_PSM.uasset" 38
"../../../HorizonTweenDemo/Content/ExampleContent/Audio/Audio/SoundClasses/Radio_Dialog.uasset" 39
"../../../HorizonTweenDemo/Content/ExampleContent/Audio/Audio/SoundClasses/Dialog.uasset" 40
"../../../HorizonTweenDemo/Content/ExampleContent/Audio/Audio/SoundClasses/Master.uasset" 41
"../../../HorizonTweenDemo/Content/ExampleContent/Audio/Audio/SoundClasses/Non_Demo_Audio.uasset" 42
"../../../HorizonTweenDemo/Content/ExampleContent/Audio/Audio/Anim_Sequence/Player_Pawn/Idle_Cue.uasset" 43
"../../../HorizonTweenDemo/Content/Animations/Idle.uasset" 44
"../../../HorizonTweenDemo/Content/Animations/Run_Bwd.uasset" 45
"../../../HorizonTweenDemo/Content/Animations/Run_Fwd.uasset" 46
"../../../HorizonTweenDemo/Content/Animations/Run_Lt.uasset" 47
"../../../HorizonTweenDemo/Content/Animations/Run_Rt.uasset" 48
"../../../HorizonTweenDemo/Content/Character/RunTPP.uasset" 49
"../../../HorizonTweenDemo/Content/Character/HeroTPP_AnimBP.uasset" 50
"../../../HorizonTweenDemo/Content/ExampleContent/Audio/Physical_Materials/Default.uasset" 51
"../../../HorizonTweenDemo/Content/Character/HeroTPP_Physics2.uasset" 52
"../../../HorizonTweenDemo/Content/Character/HeroTPP.uasset" 53
"../../../HorizonTweenDemo/Content/ExampleContent/Blueprints/T_Cupcake.uasset" 54
"../../../HorizonTweenDemo/Content/ExampleContent/Blueprints/Materials/M_Pickup_Cupcake.uasset" 55
"../../../HorizonTweenDemo/Content/DemoRoom/Materials/M_DemoWall_Inst2.uasset" 56
"../../../HorizonTweenDemo/Content/DemoRoom/Materials/M_LightSculpture.uasset" 57
"../../../HorizonTweenDemo/Content/ExampleContent/Blueprints/Meshes/SM_Pickup_Cupcake.uasset" 58
"../../../HorizonTweenDemo/Content/ExampleContent/NetworkFeatures/Materials/T_Mug_M.uasset" 59
"../../../HorizonTweenDemo/Content/ExampleContent/NetworkFeatures/Materials/T_Mug_N.uasset" 60
"../../../HorizonTweenDemo/Content/ExampleContent/NetworkFeatures/Materials/T_MugLogo_D.uasset" 61
"../../../HorizonTweenDemo/Content/ExampleContent/NetworkFeatures/Materials/M_Mug.uasset" 62
"../../../HorizonTweenDemo/Content/ExampleContent/NetworkFeatures/Meshes/Mug.uasset" 63
"../../../HorizonTweenDemo/Content/ExampleContent/NetworkFeatures/Blueprints/PlayerCharacter_NEtwork.uasset" 64
"../../../HorizonTweenDemo/Content/ExampleContent/NetworkFeatures/Blueprints/BP_GameMode_Network.uasset" 65
"../../../HorizonTweenDemo/Content/ExampleContent/NetworkFeatures/Materials/T_Pixel_Noise.uasset" 66
"../../../HorizonTweenDemo/Content/ExampleContent/NetworkFeatures/Materials/M_Ghost_Body.uasset" 67
"../../../HorizonTweenDemo/Content/ExampleContent/NetworkFeatures/Meshes/SM_Ghost.uasset" 68
"../../../HorizonTweenDemo/Content/ExampleContent/NetworkFeatures/Blueprints/BP_Ghost_NoReplicates.uasset" 69
"../../../HorizonTweenDemo/Content/ExampleContent/NetworkFeatures/Blueprints/BP_Ghost_Replicates.uasset" 70
"../../../HorizonTweenDemo/Content/DemoRoom/Materials/DefaultTextMaterialTranslucentUnlit.uasset" 71
"../../../HorizonTweenDemo/Content/ExampleContent/NetworkFeatures/Blueprints/BP_Ghost_Replicates_AuthoritySwitch.uasset" 72
"../../../Engine/Content/EditorBlueprintResources/StandardMacros.uasset" 73
"../../../HorizonTweenDemo/Content/ExampleContent/NetworkFeatures/Blueprints/BP_Ghost_Variable_Replication_Enabled.uasset" 74
"../../../HorizonTweenDemo/Content/ExampleContent/NetworkFeatures/Blueprints/BP_Ghost_Variable_Replication_None.uasset" 75
"../../../HorizonTweenDemo/Content/ExampleContent/Effects/Textures/T_Sunflare.uasset" 76
"../../../HorizonTweenDemo/Content/ExampleContent/Effects/Materials/m_flare_03.uasset" 77
"../../../Engine/Content/EngineVolumetrics/LightBeam/Materials/T_EV_LightBeam_Falloff_03.uasset" 78
"../../../HorizonTweenDemo/Content/ExampleContent/Input_Examples/Textures/T_Space.uasset" 79
"../../../HorizonTweenDemo/Content/ExampleContent/NetworkFeatures/Materials/M_Energy_Burst.uasset" 80
"../../../HorizonTweenDemo/Content/ExampleContent/NetworkFeatures/Materials/T_Treasure_N.uasset" 81
"../../../HorizonTweenDemo/Content/ExampleContent/NetworkFeatures/Materials/M_Gold_Pile.uasset" 82
"../../../HorizonTweenDemo/Content/ExampleContent/NetworkFeatures/Meshes/SM_Coin_Small.uasset" 83
"../../../HorizonTweenDemo/Content/ExampleContent/NetworkFeatures/Meshes/SM_Open_Square.uasset" 84
"../../../HorizonTweenDemo/Content/ExampleContent/NetworkFeatures/Effects/P_Treasure_Burst.uasset" 85
"../../../HorizonTweenDemo/Content/ExampleContent/NetworkFeatures/Materials/T_Treasure_Chest_M.uasset" 86
"../../../HorizonTweenDemo/Content/ExampleContent/NetworkFeatures/Materials/T_Treasure_Chest_N.uasset" 87
"../../../HorizonTweenDemo/Content/ExampleContent/NetworkFeatures/Materials/M_Treasure_Chest.uasset" 88
"../../../HorizonTweenDemo/Content/ExampleContent/NetworkFeatures/Meshes/SM_Chest_Bottom.uasset" 89
"../../../HorizonTweenDemo/Content/ExampleContent/NetworkFeatures/Meshes/SM_Chest_Lid.uasset" 90
"../../../HorizonTweenDemo/Content/ExampleContent/NetworkFeatures/Meshes/SM_Treasure_Pile.uasset" 91
"../../../HorizonTweenDemo/Content/ExampleContent/NetworkFeatures/Blueprints/BP_Relevancy_Replication_None.uasset" 92
"../../../Engine/Content/EngineVolumetrics/Fogsheet/Materials/T_EV_FogSheet_Falloff_02.uasset" 93
"../../../HorizonTweenDemo/Content/ExampleContent/NetworkFeatures/Materials/M_Radius_Glow.uasset" 94
"../../../HorizonTweenDemo/Content/ExampleContent/NetworkFeatures/Meshes/SM_Radius_Ring.uasset" 95
"../../../HorizonTweenDemo/Content/ExampleContent/NetworkFeatures/Blueprints/BP_Relevancy_Replication_Combined.uasset" 96
"../../../HorizonTweenDemo/Content/ExampleContent/NetworkFeatures/Blueprints/BP_Relevancy_Replication_RepNotify.uasset" 97
"../../../HorizonTweenDemo/Content/ExampleContent/NetworkFeatures/Blueprints/BP_Relevancy_Replication_RPC.uasset" 98
"../../../Engine/Content/Functions/Engine_MaterialFunctions01/Texturing/FlattenNormal.uasset" 99
"../../../HorizonTweenDemo/Content/ExampleContent/Materials/ExampleAsset/Textures/T_ExampleLayers_Metal01_D.uasset" 100
"../../../HorizonTweenDemo/Content/ExampleContent/Materials/ExampleAsset/Textures/T_ExampleLayers_Metal01_N.uasset" 101
"../../../HorizonTweenDemo/Content/ExampleContent/Materials/ExampleAsset/MaterialLayers/ML_Metal_Chrome.uasset" 102
"../../../HorizonTweenDemo/Content/ExampleContent/Materials/ExampleAsset/MaterialLayers/M_Metal_UsingMF.uasset" 103
"../../../HorizonTweenDemo/Content/ExampleContent/Tutorials/Textures/T_TrafficLight_Emissive.uasset" 104
"../../../HorizonTweenDemo/Content/ExampleContent/Tutorials/Materials/M_TrafficLight.uasset" 105
"../../../HorizonTweenDemo/Content/ExampleContent/NetworkFeatures/Meshes/SM_Traffic_Light.uasset" 106
"../../../HorizonTweenDemo/Content/ExampleContent/NetworkFeatures/Blueprints/BP_Stoplight_Variable_RepNotify.uasset" 107
"../../../HorizonTweenDemo/Content/StarterContent/Materials/M_Basic_Wall.uasset" 108
"../../../HorizonTweenDemo/Content/StarterContent/Architecture/Pillar_50x500.uasset" 109
"../../../HorizonTweenDemo/Content/StarterContent/Architecture/Wall_400x300.uasset" 110
"../../../HorizonTweenDemo/Content/StarterContent/Architecture/Wall_400x400.uasset" 111
"../../../HorizonTweenDemo/Content/StarterContent/Architecture/Wall_500x500.uasset" 112
"../../../HorizonTweenDemo/Content/StarterContent/Architecture/Wall_Door_400x400.uasset" 113
"../../../HorizonTweenDemo/Content/StarterContent/Architecture/Wall_Window_400x400.uasset" 114
"../../../HorizonTweenDemo/Content/StarterContent/Audio/Light01_Cue.uasset" 115
"../../../HorizonTweenDemo/Content/StarterContent/Audio/Light02_Cue.uasset" 116
"../../../HorizonTweenDemo/Content/StarterContent/Audio/Explosion_Cue.uasset" 117
"../../../HorizonTweenDemo/Content/StarterContent/Textures/T_Burst_M.uasset" 118
"../../../HorizonTweenDemo/Content/StarterContent/Particles/Materials/M_Burst.uasset" 119
"../../../HorizonTweenDemo/Content/StarterContent/Textures/T_Explosion_SubUV.uasset" 120
"../../../HorizonTweenDemo/Content/StarterContent/Particles/Materials/M_explosion_subUV.uasset" 121
"../../../HorizonTweenDemo/Content/StarterContent/Particles/Materials/m_flare_01.uasset" 122
"../../../Engine/Content/Functions/Engine_MaterialFunctions01/Gradient/RadialGradient.uasset" 123
"../../../HorizonTweenDemo/Content/StarterContent/Particles/Materials/M_radial_ramp.uasset" 124
"../../../HorizonTweenDemo/Content/StarterContent/Textures/T_Smoke_SubUV.uasset" 125
"../../../HorizonTweenDemo/Content/StarterContent/Textures/T_Smoke_Tiled_D.uasset" 126
"../../../HorizonTweenDemo/Content/StarterContent/Particles/Materials/M_smoke_subUV.uasset" 127
"../../../HorizonTweenDemo/Content/StarterContent/Particles/P_Explosion.uasset" 128
"../../../HorizonTweenDemo/Content/StarterContent/Blueprints/Blueprint_Effect_Explosion.uasset" 129
"../../../Engine/Content/EditorMeshes/ColorCalibrator/T_ColorGrid.uasset" 130
"../../../HorizonTweenDemo/Content/StarterContent/Materials/M_ColorGrid_LowSpec.uasset" 131
"../../../HorizonTweenDemo/Content/StarterContent/Textures/T_Bush_D.uasset" 132
"../../../HorizonTweenDemo/Content/StarterContent/Textures/T_Bush_N.uasset" 133
"../../../HorizonTweenDemo/Content/StarterContent/Props/Materials/M_Bush.uasset" 134
"../../../HorizonTweenDemo/Content/StarterContent/Props/SM_Bush.uasset" 135
"../../../HorizonTweenDemo/Content/StarterContent/Textures/T_Chair_M.uasset" 136
"../../../HorizonTweenDemo/Content/StarterContent/Textures/T_Chair_N.uasset" 137
"../../../HorizonTweenDemo/Content/StarterContent/Props/Materials/M_Chair.uasset" 138
"../../../HorizonTweenDemo/Content/StarterContent/Props/SM_Couch.uasset" 139
"../../../HorizonTweenDemo/Content/StarterContent/Materials/M_Glass.uasset" 140
"../../../HorizonTweenDemo/Content/StarterContent/Textures/T_Door_M.uasset" 141
"../../../HorizonTweenDemo/Content/StarterContent/Textures/T_Door_N.uasset" 142
"../../../HorizonTweenDemo/Content/StarterContent/Props/Materials/M_Door.uasset" 143
"../../../HorizonTweenDemo/Content/StarterContent/Props/SM_Door.uasset" 144
"../../../Engine/Content/Functions/Engine_MaterialFunctions02/Utility/BlendAngleCorrectedNormals.uasset" 145
"../../../HorizonTweenDemo/Content/StarterContent/Textures/T_Detail_Rocky_N.uasset" 146
"../../../HorizonTweenDemo/Content/StarterContent/Textures/T_Rock_Basalt_D.uasset" 147
"../../../HorizonTweenDemo/Content/StarterContent/Textures/T_RockMesh_M.uasset" 148
"../../../HorizonTweenDemo/Content/StarterContent/Textures/T_RockMesh_N.uasset" 149
"../../../HorizonTweenDemo/Content/StarterContent/Props/Materials/M_Rock.uasset" 150
"../../../HorizonTweenDemo/Content/StarterContent/Props/SM_Rock.uasset" 151
"../../../HorizonTweenDemo/Content/StarterContent/Textures/T_Shelf_M.uasset" 152
"../../../HorizonTweenDemo/Content/StarterContent/Textures/T_Shelf_N.uasset" 153
"../../../HorizonTweenDemo/Content/StarterContent/Props/Materials/M_Shelf.uasset" 154
"../../../HorizonTweenDemo/Content/StarterContent/Props/SM_Shelf.uasset" 155
"../../../HorizonTweenDemo/Content/StarterContent/Materials/M_Basic_Floor.uasset" 156
"../../../HorizonTweenDemo/Content/StarterContent/Props/SM_Stairs.uasset" 157
"../../../HorizonTweenDemo/Content/StarterContent/Shapes/Shape_Cone.uasset" 158
"../../../HorizonTweenDemo/Content/StarterContent/Shapes/Shape_Cylinder.uasset" 159
"../../../HorizonTweenDemo/Content/StarterContent/Shapes/Shape_NarrowCapsule.uasset" 160
"../../../HorizonTweenDemo/Content/StarterContent/Shapes/Shape_Pipe.uasset" 161
"../../../HorizonTweenDemo/Content/StarterContent/Shapes/Shape_Pipe_180.uasset" 162
"../../../HorizonTweenDemo/Content/StarterContent/Shapes/Shape_Pipe_90.uasset" 163
"../../../HorizonTweenDemo/Content/StarterContent/Shapes/Shape_Plane.uasset" 164
"../../../HorizonTweenDemo/Content/StarterContent/Shapes/Shape_Torus.uasset" 165
"../../../HorizonTweenDemo/Content/StarterContent/Shapes/Shape_Trim.uasset" 166
"../../../HorizonTweenDemo/Content/StarterContent/Shapes/Shape_Trim_90_In.uasset" 167
"../../../HorizonTweenDemo/Content/StarterContent/Shapes/Shape_Trim_90_Out.uasset" 168
"../../../HorizonTweenDemo/Content/StarterContent/Shapes/Shape_TriPyramid.uasset" 169
"../../../HorizonTweenDemo/Content/StarterContent/Shapes/Shape_Tube.uasset" 170
"../../../HorizonTweenDemo/Content/StarterContent/Shapes/Shape_Wedge_A.uasset" 171
"../../../HorizonTweenDemo/Content/StarterContent/Shapes/Shape_Wedge_B.uasset" 172
"../../../HorizonTweenDemo/Content/StarterContent/Shapes/Shape_WideCapsule.uasset" 173
"../../../Engine/Content/Functions/Engine_MaterialFunctions01/Opacity/CameraDepthFade.uasset" 174
"../../../Engine/Content/EngineMaterials/T_Default_Material_Grid_M.uasset" 175
"../../../Engine/Content/EngineMaterials/T_Default_Material_Grid_N.uasset" 176
"../../../Engine/Content/EngineMaterials/DefaultMaterial.uasset" 177
"../../../Engine/Content/BasicShapes/Cone.uasset" 178
"../../../Engine/Content/BasicShapes/Cylinder.uasset" 179
"../../../Engine/Content/EngineMaterials/WorldGridMaterial.uasset" 180
"../../../Engine/Content/BasicShapes/Plane.uasset" 181
"../../../Engine/Content/EditorLandscapeResources/DataLayer.uasset" 182
"../../../Engine/Content/EditorMaterials/GizmoMaterial.uasset" 183
"../../../Engine/Content/EditorMaterials/MAT_Groups_Toggle.uasset" 184
"../../../Engine/Content/EditorMaterials/MAT_Groups_Visibility.uasset" 185
"../../../Engine/Content/EditorMaterials/PreviewShadowIndicator.uasset" 186
"../../../Engine/Content/EditorMaterials/PreviewShadowIndicatorMaterial.uasset" 187
"../../../Engine/Content/EditorMaterials/MatineeGroups/MAT_ColorTrack.uasset" 188
"../../../Engine/Content/EditorMaterials/MatineeGroups/MAT_Groups_Anim.uasset" 189
"../../../Engine/Content/EditorMaterials/MatineeGroups/MAT_Groups_AudioMaster.uasset" 190
"../../../Engine/Content/EditorMaterials/MatineeGroups/MAT_Groups_Director.uasset" 191
"../../../Engine/Content/EditorMaterials/MatineeGroups/MAT_Groups_Event.uasset" 192
"../../../Engine/Content/EditorMaterials/MatineeGroups/MAT_Groups_Fade.uasset" 193
"../../../Engine/Content/EditorMaterials/MatineeGroups/MAT_Groups_Float.uasset" 194
"../../../Engine/Content/EditorMaterials/MatineeGroups/MAT_Groups_Move.uasset" 195
"../../../Engine/Content/EditorMaterials/MatineeGroups/MAT_Groups_Slomo.uasset" 196
"../../../Engine/Content/EditorMaterials/MatineeGroups/MAT_Groups_Sound.uasset" 197
"../../../Engine/Content/EditorMaterials/MatineeGroups/MAT_Groups_Vector.uasset" 198
"../../../Engine/Content/EditorMaterials/ParticleSystems/PSysThumbnail_NoImage.uasset" 199
"../../../Engine/Content/EditorMaterials/ParticleSystems/PSysThumbnail_OOD.uasset" 200
"../../../Engine/Content/EditorMaterials/Camera/CineMat.uasset" 201
"../../../Engine/Content/EditorMaterials/Camera/MI_CineMat_Rig.uasset" 202
"../../../Engine/Content/EditorMeshes/Camera/SM_CraneRig_Arm.uasset" 203
"../../../Engine/Content/EditorMeshes/Camera/SM_CraneRig_Base.uasset" 204
"../../../Engine/Content/EditorMeshes/Camera/SM_CraneRig_Body.uasset" 205
"../../../Engine/Content/EditorMeshes/Camera/SM_CraneRig_Mount.uasset" 206
"../../../Engine/Content/EditorMeshes/Camera/SM_RailRig_Mount.uasset" 207
"../../../Engine/Content/EditorMeshes/Camera/SM_RailRig_Track.uasset" 208
"../../../Engine/Content/EditorResources/BSPVertex.uasset" 209
"../../../Engine/Content/EditorResources/EmptyActor.uasset" 210
"../../../Engine/Content/EditorResources/S_Actor.uasset" 211
"../../../Engine/Content/EditorResources/S_Trigger.uasset" 212
"../../../Engine/Content/EditorResources/AudioIcons/S_AudioComponent.uasset" 213
"../../../Engine/Content/EditorResources/AudioIcons/S_AudioComponent_AutoActivate.uasset" 214
"../../../Engine/Content/EditorResources/LightIcons/S_LightError.uasset" 215
"../../../Engine/Content/EditorResources/SequenceRecorder/Countdown.uasset" 216
"../../../Engine/Content/EditorResources/SequenceRecorder/RecordingIndicator.uasset" 217
"../../../Engine/Content/EditorSounds/Notifications/CompileFailed.uasset" 218
"../../../Engine/Content/EditorSounds/Notifications/CompileFailed_Cue.uasset" 219
"../../../Engine/Content/EditorSounds/Notifications/CompileSuccess.uasset" 220
"../../../Engine/Content/EditorSounds/Notifications/CompileStart_Cue.uasset" 221
"../../../Engine/Content/EditorSounds/Notifications/CompileSuccess_Cue.uasset" 222
"../../../Engine/Content/EngineDamageTypes/DmgTypeBP_Environmental.uasset" 223
"../../../Engine/Content/EngineDebugMaterials/HeatmapGradient.uasset" 224
"../../../Engine/Content/EngineDebugMaterials/BoneWeightMaterial.uasset" 225
"../../../Engine/Content/EngineDebugMaterials/ClothMaterial.uasset" 226
"../../../Engine/Content/EngineDebugMaterials/ClothMaterial_WF.uasset" 227
"../../../Engine/Content/EngineDebugMaterials/DebugEditorMaterial.uasset" 228
"../../../Engine/Content/EngineDebugMaterials/DebugMeshMaterial.uasset" 229
"../../../Engine/Content/EngineDebugMaterials/GeomMaterial.uasset" 230
"../../../Engine/Content/EngineFonts/Faces/RobotoBold.uasset" 231
"../../../Engine/Content/EngineFonts/Faces/RobotoBoldItalic.uasset" 232
"../../../Engine/Content/EngineFonts/Faces/RobotoItalic.uasset" 233
"../../../Engine/Content/EngineFonts/Faces/RobotoLight.uasset" 234
"../../../Engine/Content/EngineFonts/Faces/RobotoRegular.uasset" 235
"../../../Engine/Content/EngineFonts/Roboto.uasset" 236
"../../../Engine/Content/EngineFonts/Faces/RobotoTiny.uasset" 237
"../../../Engine/Content/EngineFonts/RobotoTiny.uasset" 238
"../../../Engine/Content/EngineMaterials/DefaultBloomKernel.uasset" 239
"../../../Engine/Content/EngineMaterials/DefaultBokeh.uasset" 240
"../../../Engine/Content/EngineMaterials/DefaultDiffuse.uasset" 241
"../../../Engine/Content/EngineMaterials/DefaultDeferredDecalMaterial.uasset" 242
"../../../Engine/Content/EngineMaterials/DefaultLightFunctionMaterial.uasset" 243
"../../../Engine/Content/EngineMaterials/DefaultPhysicalMaterial.uasset" 244
"../../../Engine/Content/Functions/Engine_MaterialFunctions02/Utility/BreakOutFloat2Components.uasset" 245
"../../../Engine/Content/EngineMaterials/DefaultPostProcessMaterial.uasset" 246
"../../../Engine/Content/EngineMaterials/DefaultWhiteGrid.uasset" 247
"../../../Engine/Content/EngineMaterials/EditorBrushMaterial.uasset" 248
"../../../Engine/Content/EngineMaterials/Good64x64TilingNoiseHighFreq.uasset" 249
"../../../Engine/Content/EngineMaterials/MiniFont.uasset" 250
"../../../Engine/Content/EngineMaterials/InvalidLightmapSettings.uasset" 251
"../../../Engine/Content/EngineMaterials/M_InvalidLightmapSettings.uasset" 252
"../../../Engine/Content/Functions/Engine_MaterialFunctions02/WorldPositionOffset/CameraOffset.uasset" 253
"../../../Engine/Content/EngineMaterials/PhAT_JointLimitMaterial.uasset" 254
"../../../Engine/Content/EngineMaterials/PreintegratedSkinBRDF.uasset" 255
"../../../Engine/Content/EngineMaterials/RemoveSurfaceMaterial.uasset" 256
"../../../Engine/Content/EngineMaterials/WeightMapPlaceholderTexture.uasset" 257
"../../../Engine/Content/EngineResources/WhiteSquareTexture.uasset" 258
"../../../Engine/Content/EngineMaterials/Widget3DPassThrough.uasset" 259
"../../../Engine/Content/EngineMaterials/Widget3DPassThrough_Masked.uasset" 260
"../../../Engine/Content/EngineMaterials/Widget3DPassThrough_Opaque.uasset" 261
"../../../Engine/Content/EngineMaterials/Widget3DPassThrough_Masked_OneSided.uasset" 262
"../../../Engine/Content/EngineMaterials/Widget3DPassThrough_Opaque_OneSided.uasset" 263
"../../../Engine/Content/EngineMaterials/Widget3DPassThrough_Translucent.uasset" 264
"../../../Engine/Content/EngineMaterials/Widget3DPassThrough_Translucent_OneSided.uasset" 265
"../../../Engine/Content/EngineMeshes/Cube.uasset" 266
"../../../Engine/Content/EngineMeshes/Cylinder.uasset" 267
"../../../Engine/Content/EngineMeshes/Sphere.uasset" 268
"../../../Engine/Content/EngineResources/Black.uasset" 269
"../../../Engine/Content/EngineResources/DefaultTexture.uasset" 270
"../../../Engine/Content/EngineResources/DefaultTextureCube.uasset" 271
"../../../Engine/Content/EngineResources/GradientTexture0.uasset" 272
"../../../Engine/Content/EngineSounds/Master.uasset" 273
"../../../Engine/Content/Functions/Engine_MaterialFunctions01/Shading/ConvertFromDiffSpec.uasset" 274
"../../../Engine/Content/Functions/Engine_MaterialFunctions01/Shading/PowerToRoughness.uasset" 275
"../../../Engine/Content/Maps/Templates/Thumbnails/Default.uasset" 276
"../../../Engine/Content/Maps/Templates/Thumbnails/VR-Basic.uasset" 277
"../../../Engine/Content/MobileResources/T_MobileControls_texture.uasset" 278
"../../../Engine/Content/MobileResources/T_MobileMenu2.uasset" 279
"../../../Engine/Content/MobileResources/HUD/AnalogHat.uasset" 280
"../../../Engine/Content/MobileResources/HUD/VirtualJoystick_Background.uasset" 281
"../../../Engine/Content/MobileResources/HUD/VirtualJoystick_Thumb.uasset" 282
"../../../Engine/Content/MobileResources/HUD/DefaultVirtualJoysticks.uasset" 283
"../../../Engine/Content/MobileResources/HUD/LeftVirtualJoystickOnly.uasset" 284
"../../../Engine/Content/MobileResources/HUD/MobileHUDButton1_off.uasset" 285
"../../../Engine/Content/MobileResources/HUD/MobileHUDButton1_on.uasset" 286
"../../../Engine/Content/MobileResources/HUD/MobileHUDButton2_off.uasset" 287
"../../../Engine/Content/MobileResources/HUD/MobileHUDButton2_on.uasset" 288
"../../../Engine/Content/MobileResources/HUD/MobileHUDButton3.uasset" 289
"../../../Engine/Content/MobileResources/HUD/MobileHUDButtonFire.uasset" 290
"../../../Engine/Content/MobileResources/HUD/MobileHUDDirectionPad.uasset" 291
"../../../Engine/Content/MobileResources/HUD/MobileHUDDirectionPad2.uasset" 292
"../../../Engine/Content/MobileResources/HUD/MobileHUDDirectionPad3.uasset" 293
"../../../Engine/Content/MobileResources/HUD/MobileHUDDirectionStick.uasset" 294
"../../../Engine/Content/MobileResources/HUD/T_Castle_ThumbstickInner.uasset" 295
"../../../Engine/Content/MobileResources/HUD/T_Castle_ThumbstickOutter.uasset" 296
"../../../Engine/Content/Tutorial/ContentIntroCurve.uasset" 297
"../../../Engine/Content/Tutorial/Basics/TutorialAssets/icon_tab_Levels_40x.uasset" 298
"../../../Engine/Content/Tutorial/BlueprintTutorials/TutorialAssets/BlueprintInterface_64x.uasset" 299
"../../../Engine/Content/Tutorial/BlueprintTutorials/TutorialAssets/BlueprintMacroLibrary_64x.uasset" 300
"../../../Engine/Content/Tutorial/BlueprintTutorials/TutorialAssets/Blueprint_64x.uasset" 301
"../../../Engine/Content/Tutorial/BlueprintTutorials/TutorialAssets/Tutorial_BP_Interface.uasset" 302
"../../../Engine/Content/Tutorial/Foliage/TutorialAssets/Foliage.uasset" 303
"../../../Engine/Content/Tutorial/Landscape/TutorialAssets/Landscape.uasset" 304
"../../../Engine/Content/Tutorial/Mobile/TutorialAssets/IOS.uasset" 305
"../../../Engine/Content/Tutorial/Paper2D/TutorialAssets/Paper2DFlipbook_TutorialIcon.uasset" 306
"../../../Engine/Content/Tutorial/Paper2D/TutorialAssets/Paper2DSprite_TutorialIcon.uasset" 307
"../../../Engine/Content/Tutorial/SubEditors/TutorialAssets/icon_Editor_Preferences_General_40x.uasset" 308
"../../../Engine/Content/Tutorial/SubEditors/TutorialAssets/icon_ShowSkeletalMeshes_40x.uasset" 309
"../../../Engine/Content/Tutorial/SubEditors/TutorialAssets/TutorialMaterial.uasset" 310
"../../../Engine/Content/Tutorial/SubEditors/TutorialAssets/T_SmokeSubUV_8X8.uasset" 311
"../../../Engine/Content/Tutorial/SubEditors/TutorialAssets/T_soft_smoke.uasset" 312
"../../../Engine/Content/Tutorial/SubEditors/TutorialAssets/M_smoke_subUV_blackbody.uasset" 313
"../../../Engine/Content/Tutorial/SubEditors/TutorialAssets/TutorialParticleSystem.uasset" 314
"../../../Engine/Content/VREditor/Devices/Generic/GenericHMDMaterial.uasset" 315
"../../../Engine/Content/VREditor/Devices/Generic/GenericHMD.uasset" 316
"../../../Engine/Content/VREditor/FloatingText/LineMaterial.uasset" 317
"../../../Engine/Content/VREditor/FloatingText/JointSphere.uasset" 318
"../../../Engine/Content/VREditor/FloatingText/LineSegmentCylinder.uasset" 319
"../../../Engine/Content/VREditor/Fonts/VRText_RobotoLarge.uasset" 320
"../../../Engine/Content/VREditor/Fonts/VRTextMaterial.uasset" 321
"../../../Engine/Content/VREditor/Fonts/TranslucentVRTextMaterial.uasset" 322
"../../../Engine/Content/VREditor/LaserPointer/CursorPointer.uasset" 323
"../../../Engine/Content/VREditor/LaserPointer/VR_LaserPower_01.uasset" 324
"../../../Engine/Content/VREditor/TransformGizmo/TransformGizmoMaterial.uasset" 325
"../../../Engine/Content/VREditor/LaserPointer/HoverMaterial.uasset" 326
"../../../Engine/Content/VREditor/TransformGizmo/TranslucentTransformGizmoMaterial.uasset" 327
"../../../Engine/Content/VREditor/LaserPointer/TranslucentHoverMaterial.uasset" 328
"../../../Engine/Content/VREditor/LaserPointer/HoverMesh.uasset" 329
"../../../Engine/Content/VREditor/LaserPointer/LaserPointerMaterial.uasset" 330
"../../../Engine/Content/VREditor/LaserPointer/LaserPointerMaterialInst.uasset" 331
"../../../Engine/Content/VREditor/LaserPointer/TranslucentLaserPointerMaterialInst.uasset" 332
"../../../Engine/Content/VREditor/LaserPointer/LaserPointerMesh.uasset" 333
"../../../Engine/Content/VREditor/LaserPointer/LaserPointerMesh_End.uasset" 334
"../../../Engine/Content/VREditor/LaserPointer/LaserPointerMesh_Start.uasset" 335
"../../../Engine/Content/Functions/Engine_MaterialFunctions02/Utility/BreakOutFloat3Components.uasset" 336
"../../../Engine/Content/Functions/Engine_MaterialFunctions02/Math/Transform3x3Matrix.uasset" 337
"../../../Engine/Content/Functions/Engine_MaterialFunctions02/SplitComponents.uasset" 338
"../../../Engine/Content/Functions/Engine_MaterialFunctions02/Utility/MakeFloat3.uasset" 339
"../../../Engine/Content/VREditor/SnapGrid/SnapGridMaterial.uasset" 340
"../../../Engine/Content/VREditor/SnapGrid/SnapGridPlaneMesh.uasset" 341
"../../../Engine/Content/VREditor/Sounds/VR_teleport.uasset" 342
"../../../Engine/Content/VREditor/Sounds/UI/Click_on_Button_Cue.uasset" 343
"../../../Engine/Content/VREditor/Sounds/UI/Dockable_Window_Close.uasset" 344
"../../../Engine/Content/VREditor/Sounds/UI/Dockable_Window_Drop.uasset" 345
"../../../Engine/Content/VREditor/Sounds/UI/Dockable_Window_Open.uasset" 346
"../../../Engine/Content/VREditor/Sounds/UI/Dockable_Window_Pick_Up.uasset" 347
"../../../Engine/Content/VREditor/Sounds/UI/Drop_Item_From_ContentBrowser.uasset" 348
"../../../Engine/Content/VREditor/Sounds/UI/Floating_UI_Open-001.uasset" 349
"../../../Engine/Content/VREditor/Sounds/UI/Gizmo_Handle_Clicked.uasset" 350
"../../../Engine/Content/VREditor/Sounds/UI/Object_PickUp.uasset" 351
"../../../Engine/Content/VREditor/Sounds/UI/Object_Snaps_To_Another_Actor.uasset" 352
"../../../Engine/Content/VREditor/Sounds/UI/Object_Snaps_To_Grid.uasset" 353
"../../../Engine/Content/VREditor/Sounds/UI/Radial_Menu_FadeOut.uasset" 354
"../../../Engine/Content/VREditor/Sounds/UI/Scaling_Down.uasset" 355
"../../../Engine/Content/VREditor/Sounds/UI/Scaling_Up.uasset" 356
"../../../Engine/Content/VREditor/Sounds/UI/Selection_Changes.uasset" 357
"../../../Engine/Content/VREditor/Sounds/UI/Teleport_Mode_Entered.uasset" 358
"../../../Engine/Content/VREditor/Teleport/TeleportDirectionMaterial.uasset" 359
"../../../Engine/Content/VREditor/Teleport/TeleportDirectionMaterial_Inst.uasset" 360
"../../../Engine/Content/VREditor/Teleport/TeleportDirectionMesh.uasset" 361
"../../../Engine/Content/VREditor/TransformGizmo/BoundingBoxCorner.uasset" 362
"../../../Engine/Content/VREditor/TransformGizmo/BoundingBoxEdge.uasset" 363
"../../../Engine/Content/VREditor/TransformGizmo/PlaneTranslationHandle.uasset" 364
"../../../Engine/Content/VREditor/TransformGizmo/RotationHandleFull.uasset" 365
"../../../Engine/Content/VREditor/TransformGizmo/RotationHandleIndicator.uasset" 366
"../../../Engine/Content/VREditor/TransformGizmo/RotationHandleQuarter.uasset" 367
"../../../Engine/Content/VREditor/TransformGizmo/Main.uasset" 368
"../../../Engine/Content/VREditor/TransformGizmo/Xray.uasset" 369
"../../../Engine/Content/VREditor/TransformGizmo/SM_Dialog_Close.uasset" 370
"../../../Engine/Content/VREditor/TransformGizmo/SM_Dialog_Move.uasset" 371
"../../../Engine/Content/VREditor/TransformGizmo/SM_Sequencer_Key.uasset" 372
"../../../Engine/Content/VREditor/TransformGizmo/SM_Sequencer_Node.uasset" 373
"../../../Engine/Content/VREditor/TransformGizmo/StartRotationHandleIndicator.uasset" 374
"../../../Engine/Content/VREditor/TransformGizmo/TranslucentTransformGizmoMaterial_Inst.uasset" 375
"../../../Engine/Content/VREditor/TransformGizmo/TransformGizmoFreeRotation.uasset" 376
"../../../Engine/Content/VREditor/TransformGizmo/TransformGizmoMaterial_Inst.uasset" 377
"../../../Engine/Content/VREditor/TransformGizmo/TranslateArrowHandle.uasset" 378
"../../../Engine/Content/VREditor/TransformGizmo/UniformScaleHandle.uasset" 379
"../../../Engine/Content/VREditor/UI/KeyDiskMaterial.uasset" 380
"../../../Engine/Content/VREditor/UI/DiscMaterial.uasset" 381
"../../../Engine/Content/VREditor/UI/SM_Radial_Disk.uasset" 382
"../../../Engine/Content/VREditor/WorldMovementGrid/SimpleGrid.uasset" 383
"../../../Engine/Content/VREditor/WorldMovementGrid/GridMaterial.uasset" 384
"../../../Engine/Content/Functions/Engine_MaterialFunctions01/Density/ExponentialDensity.uasset" 385
"../../../Engine/Content/VREditor/WorldMovementGrid/GridPostProcess.uasset" 386
"../../../Engine/Content/EditorLandscapeResources/FlattenHeightMat.uasset" 387
"../../../Engine/Content/VREditor/WorldMovementGrid/PlaneMesh.uasset" 388
"../../../Engine/Plugins/2D/Paper2D/Content/PlaceholderTextures/DummySpriteTexture.uasset" 389
"../../../Engine/Plugins/2D/Paper2D/Content/DummySprite.uasset" 390
"../../../Engine/Plugins/2D/Paper2D/Content/DefaultPaperTerrainMaterial.uasset" 391
"../../../Engine/Plugins/2D/Paper2D/Content/DefaultSpriteMaterial.uasset" 392
"../../../Engine/Plugins/2D/Paper2D/Content/MaskedUnlitSpriteMaterial.uasset" 393
"../../../Engine/Plugins/2D/Paper2D/Content/OpaqueUnlitSpriteMaterial.uasset" 394
"../../../Engine/Plugins/Media/MediaCompositing/Content/DefaultMediaPlaneMaterial.uasset" 395
"../../../Engine/Content/Functions/Engine_MaterialFunctions01/Texturing/ScaleUVsByCenter.uasset" 396
"../../../Engine/Content/Functions/Engine_MaterialFunctions02/Utility/MakeFloat4.uasset" 397
"../../../Engine/Plugins/Runtime/AppleARKit/Content/ARKitCameraMaterial.uasset" 398
"../../../Engine/Plugins/Runtime/Oculus/OculusVR/Content/Textures/GearVRController_AO.uasset" 399
"../../../Engine/Plugins/Runtime/Oculus/OculusVR/Content/Textures/GearVRController_Color.uasset" 400
"../../../Engine/Plugins/Runtime/Oculus/OculusVR/Content/Textures/GearVRController_Normal.uasset" 401
"../../../Engine/Plugins/Runtime/Oculus/OculusVR/Content/Materials/GearVRControllerMaterial.uasset" 402
"../../../Engine/Plugins/Runtime/Oculus/OculusVR/Content/Meshes/GearVrController.uasset" 403
"../../../HorizonTweenDemo/Content/ExampleContent/MaterialInstances/Materials/M_Arrows.uasset" 404
"../../../HorizonTweenDemo/Content/DemoRoom/Materials/M_LightSculpture_Red.uasset" 405
"../../../HorizonTweenDemo/Content/DemoRoom/Materials/M_LightSculpture_Green.uasset" 406
"../../../HorizonTweenDemo/Content/DemoRoom/Meshes/SM_Slider1.uasset" 407
"../../../HorizonTweenDemo/Content/DemoRoom/Meshes/SM_SliderBase.uasset" 408
"../../../HorizonTweenDemo/Content/ExampleContent/AnimationDemo/BluePrints/BP_Slider.uasset" 409
"../../../Engine/Content/EditorMeshes/EditorPlane.uasset" 410
"../../../HorizonTweenDemo/Content/DemoRoom/Meshes/SM_GraphFrame.uasset" 411
"../../../HorizonTweenDemo/Content/ExampleContent/Math_Hall/Blueprint/BP_Graph_Enum.uasset" 412
"../../../HorizonTweenDemo/Content/ExampleContent/Math_Hall/Blueprint/BP_Graph.uasset" 413
"../../../HorizonTweenDemo/Content/ExampleContent/Blueprints/Blueprints/BP_Button_Counter.uasset" 414
"../../../HorizonTweenDemo/Content/ExampleContent/Physics/Blueprints/PhysicsAnimationBlendingHittReaction.uasset" 415
"../../../HorizonTweenDemo/Content/Blueprints/PlayerCharacter.uasset" 416
"../../../HorizonTweenDemo/Content/ExampleContent/Blueprint_Communication/Textures/T_Crosshair_M.uasset" 417
"../../../HorizonTweenDemo/Content/ExampleContent/Blueprint_Communication/Materials/M_Crosshair.uasset" 418
"../../../HorizonTweenDemo/Content/ExampleContent/Physics/Blueprints/Hud_forPhysicsDemo.uasset" 419
"../../../HorizonTweenDemo/Content/ExampleContent/Physics/Blueprints/PhysicsDemoPlayerController.uasset" 420
"../../../HorizonTweenDemo/Content/Blueprints/CE_Game.uasset" 421
"../../../Engine/Content/EngineMaterials/DefaultTextMaterialOpaque.uasset" 422
"../../../HorizonTweenDemo/Content/DemoRoom/Materials/M_DemoWall_Inst_BaseFloor_Inst.uasset" 423
"../../../HorizonTweenDemo/Content/DemoRoom/BluePrint/BP_DemoDisplay_Enum.uasset" 424
"../../../HorizonTweenDemo/Content/DemoRoom/Meshes/SM_Base.uasset" 425
"../../../HorizonTweenDemo/Content/DemoRoom/Meshes/SM_Base2.uasset" 426
"../../../HorizonTweenDemo/Content/DemoRoom/Meshes/SM_Base_FlatWall.uasset" 427
"../../../HorizonTweenDemo/Content/DemoRoom/Meshes/SM_BaseRoom.uasset" 428
"../../../HorizonTweenDemo/Content/DemoRoom/Meshes/SM_NamePlate.uasset" 429
"../../../HorizonTweenDemo/Content/DemoRoom/BluePrint/BP_DemoDisplay.uasset" 430
"../../../HorizonTweenDemo/Content/DemoRoom/BluePrint/BP_DemoRoom_Enum.uasset" 431
"../../../HorizonTweenDemo/Content/DemoRoom/BluePrint/DemoRoomStruct.uasset" 432
"../../../HorizonTweenDemo/Content/DemoRoom/Textures/T_UnrealEngineDecal.uasset" 433
"../../../HorizonTweenDemo/Content/DemoRoom/Materials/M_Glass.uasset" 434
"../../../HorizonTweenDemo/Content/DemoRoom/Textures/T_RoomTiles_M.uasset" 435
"../../../HorizonTweenDemo/Content/DemoRoom/Textures/T_RoomTiles_N.uasset" 436
"../../../HorizonTweenDemo/Content/DemoRoom/Materials/M_DemoRoomTiles.uasset" 437
"../../../HorizonTweenDemo/Content/ExampleContent/Audio/Physical_Materials/Concrete.uasset" 438
"../../../HorizonTweenDemo/Content/DemoRoom/Materials/M_DemoRoomTiles_Inst.uasset" 439
"../../../HorizonTweenDemo/Content/DemoRoom/Textures/T_Pattern_M.uasset" 440
"../../../HorizonTweenDemo/Content/DemoRoom/Materials/M_DemoWallPattern.uasset" 441
"../../../HorizonTweenDemo/Content/DemoRoom/Materials/M_DemoWallPattern_Inst.uasset" 442
"../../../HorizonTweenDemo/Content/DemoRoom/Materials/M_DemoWallPattern_Inst_Mirrored.uasset" 443
"../../../HorizonTweenDemo/Content/DemoRoom/Materials/M_DemoWallPattern_NoText.uasset" 444
"../../../HorizonTweenDemo/Content/DemoRoom/Materials/M_Glass_Inst.uasset" 445
"../../../HorizonTweenDemo/Content/DemoRoom/Meshes/SM_DemoDivider_1.uasset" 446
"../../../HorizonTweenDemo/Content/DemoRoom/Meshes/SM_DemoDivider_2.uasset" 447
"../../../HorizonTweenDemo/Content/DemoRoom/Meshes/SM_DemoRoomBackWall.uasset" 448
"../../../HorizonTweenDemo/Content/DemoRoom/Materials/M_DemoWall_MattPlastic.uasset" 449
"../../../HorizonTweenDemo/Content/DemoRoom/Meshes/SM_DemoRoomBackWall2.uasset" 450
"../../../HorizonTweenDemo/Content/DemoRoom/Materials/M_LightTube.uasset" 451
"../../../HorizonTweenDemo/Content/DemoRoom/Materials/M_LightTube_Inst.uasset" 452
"../../../HorizonTweenDemo/Content/DemoRoom/Meshes/SM_DemoRoomClamp.uasset" 453
"../../../HorizonTweenDemo/Content/DemoRoom/Meshes/SM_DemoRoomClamp2.uasset" 454
"../../../HorizonTweenDemo/Content/DemoRoom/Meshes/SM_DemoRoomL.uasset" 455
"../../../HorizonTweenDemo/Content/DemoRoom/Meshes/SM_DemoRoomLTrim.uasset" 456
"../../../HorizonTweenDemo/Content/DemoRoom/Meshes/SM_DemoRoomTrim.uasset" 457
"../../../HorizonTweenDemo/Content/DemoRoom/Meshes/SM_DemoRoomTrim2.uasset" 458
"../../../HorizonTweenDemo/Content/DemoRoom/Meshes/SM_DemoRoomTrimAdd.uasset" 459
"../../../HorizonTweenDemo/Content/DemoRoom/Meshes/SM_DemoRoomU.uasset" 460
"../../../HorizonTweenDemo/Content/DemoRoom/Meshes/SM_DemoRoomU2.uasset" 461
"../../../HorizonTweenDemo/Content/DemoRoom/Meshes/SM_DemoRoomU_Hole.uasset" 462
"../../../HorizonTweenDemo/Content/DemoRoom/Meshes/SM_URoom_Wall.uasset" 463
"../../../HorizonTweenDemo/Content/DemoRoom/Meshes/SM_URoom_Wall2.uasset" 464
"../../../HorizonTweenDemo/Content/DemoRoom/BluePrint/BP_DemoRoom.uasset" 465
"../../../HorizonTweenDemo/Content/DemoRoom/BluePrint/RoomDescription.uasset" 466
"../../../HorizonTweenDemo/Content/ExampleContent/Blueprint_Communication/Textures/T_Lightbulb_M.uasset" 467
"../../../HorizonTweenDemo/Content/ExampleContent/Blueprint_Communication/Materials/M_Light_Bulb_Base.uasset" 468
"../../../HorizonTweenDemo/Content/ExampleContent/Blueprint_Communication/Materials/M_Light_Bulb_Glass.uasset" 469
"../../../HorizonTweenDemo/Content/ExampleContent/Blueprint_Communication/Meshes/SM_Lightbulb.uasset" 470
"../../../HorizonTweenDemo/Content/ExampleContent/Blueprint_Communication/Blueprints/BP_Light_Bulb_Basic.uasset" 471
"../../../HorizonTweenDemo/Content/ExampleContent/Blueprint_Communication/Materials/M_Button2.uasset" 472
"../../../HorizonTweenDemo/Content/DemoRoom/Materials/M_Button_Chrome.uasset" 473
"../../../HorizonTweenDemo/Content/DemoRoom/Materials/M_Button.uasset" 474
"../../../HorizonTweenDemo/Content/DemoRoom/Materials/M_Button_Inst.uasset" 475
"../../../HorizonTweenDemo/Content/DemoRoom/Meshes/SM_Button.uasset" 476
"../../../HorizonTweenDemo/Content/ExampleContent/Blueprint_Communication/Blueprints/BP_ButtonLight_Bulb_Basic.uasset" 477
"../../../HorizonTweenDemo/Content/ExampleContent/Blueprints/Blueprints/BPI_Interactions.uasset" 478
"../../../HorizonTweenDemo/Content/ExampleContent/Blueprints/Blueprints/BP_Button.uasset" 479
"../../../Engine/Content/Functions/MaterialLayerFunctions/MatLayerBlend_BakedNormal.uasset" 480
"../../../HorizonTweenDemo/Content/ExampleContent/Materials/ExampleAsset/Textures/T_ExampleLayers_Metal02_D.uasset" 481
"../../../HorizonTweenDemo/Content/ExampleContent/Materials/ExampleAsset/Textures/T_ExampleLayers_Metal02_N.uasset" 482
"../../../HorizonTweenDemo/Content/ExampleContent/Materials/ExampleAsset/MaterialLayers/ML_Metal_Aluminium.uasset" 483
"../../../HorizonTweenDemo/Content/ExampleContent/Materials/ExampleAsset/Textures/T_Rocket_ExampleAsset_L.uasset" 484
"../../../HorizonTweenDemo/Content/ExampleContent/Materials/ExampleAsset/Textures/T_Rocket_ExampleAsset_M.uasset" 485
"../../../HorizonTweenDemo/Content/ExampleContent/Materials/ExampleAsset/Textures/T_Rocket_ExampleAsset_N.uasset" 486
"../../../HorizonTweenDemo/Content/ExampleContent/Materials/ExampleAsset/Materials/BlueprintRocket.uasset" 487
"../../../HorizonTweenDemo/Content/ExampleContent/Materials/ExampleAsset/Materials/BlueprintRocket_Inst.uasset" 488
"../../../Engine/Content/Functions/MaterialLayerFunctions/MatLayerBlend_ModulateRoughness.uasset" 489
"../../../Engine/Content/Functions/MaterialLayerFunctions/MatLayerBlend_Standard.uasset" 490
"../../../Engine/Content/Functions/MaterialLayerFunctions/MatLayerBlend_Tint.uasset" 491
"../../../Engine/Content/Functions/MaterialLayerFunctions/MatLayerBlend_TintAllChannels.uasset" 492
"../../../HorizonTweenDemo/Content/ExampleContent/Materials/ExampleAsset/MaterialLayers/ML_Metal_Copper.uasset" 493
"../../../HorizonTweenDemo/Content/ExampleContent/Materials/ExampleAsset/MaterialLayers/ML_Metal_SimpleAccents.uasset" 494
"../../../HorizonTweenDemo/Content/ExampleContent/Materials/ExampleAsset/Materials/M_RocketMaterial_Example01.uasset" 495
"../../../HorizonTweenDemo/Content/ExampleContent/Materials/ExampleAsset/Mesh/SM_ExampleMesh_Rocket.uasset" 496
"../../../HorizonTweenDemo/Content/ExampleContent/Blueprints/Blueprints/BP_EventGraph.uasset" 497
"../../../Engine/Content/EditorMeshes/EditorSphere.uasset" 498
"../../../HorizonTweenDemo/Content/ExampleContent/Blueprints/T_Ring.uasset" 499
"../../../HorizonTweenDemo/Content/ExampleContent/Blueprints/Materials/M_Impact_Ripple.uasset" 500
"../../../HorizonTweenDemo/Content/ExampleContent/Blueprints/P_Impact_Ripple.uasset" 501
"../../../HorizonTweenDemo/Content/ExampleContent/Blueprints/Blueprints/BP_Timeline_Ball.uasset" 502
"../../../Engine/Content/MapTemplates/Bokeh_5Sides.uasset" 503
"../../../Engine/Content/MapTemplates/T_ScreenDirt02_w.uasset" 504
"../../../HorizonTweenDemo/Content/Maps/ExampleProjectWelcome.umap" 505
"../../../HorizonTweenDemo/Content/Maps/HorizonDemoTemplate.umap" 506
"../../../HorizonTweenDemo/Content/Maps/HorizonTweenBaseTypeDemo.umap" 507
"../../../Engine/Content/BasicShapes/BasicShapeMaterial.uasset" 508
"../../../Engine/Content/BasicShapes/Sphere.uasset" 509
"../../../HorizonTweenDemo/Content/HorizonTweenPluginDemo/Blueprint/ButtonTriggerDelegatorScript.uasset" 510
"../../../HorizonTweenDemo/Content/HorizonTweenPluginDemo/Curve/MyTweenMoveCurve.uasset" 511
"../../../HorizonTweenDemo/Content/HorizonTweenPluginDemo/Curve/MyTweenRotationCurve.uasset" 512
"../../../HorizonTweenDemo/Content/HorizonTweenPluginDemo/Curve/MyTweenScaleCurve.uasset" 513
"../../../HorizonTweenDemo/Content/HorizonTweenPluginDemo/Curve/MyTweenColorCurve.uasset" 514
"../../../HorizonTweenDemo/Content/HorizonTweenPluginDemo/Image/I_C_Strawberry.uasset" 515
"../../../HorizonTweenDemo/Content/HorizonTweenPluginDemo/Image/I_C_Watermellon.uasset" 516
"../../../HorizonTweenDemo/Content/HorizonTweenPluginDemo/Image/sheep_girl.uasset" 517
"../../../HorizonTweenDemo/Content/HorizonTweenPluginDemo/UMG/MyUMGDemo.uasset" 518
"../../../Engine/Content/BasicShapes/Cube.uasset" 519
"../../../HorizonTweenDemo/Content/StarterContent/Props/SM_Chair.uasset" 520
"../../../HorizonTweenDemo/Content/StarterContent/Props/Materials/M_MaterialSphere.uasset" 521
"../../../HorizonTweenDemo/Content/StarterContent/Props/Materials/M_MaterialSphere_Plain.uasset" 522
"../../../HorizonTweenDemo/Content/StarterContent/Props/SM_MatPreviewMesh_02.uasset" 523
"../../../HorizonTweenDemo/Content/Maps/HorizonTweenDemo.umap" 524
"../../../HorizonTweenDemo/Content/StarterContent/Blueprints/Assets/FogBrightnessLUT.uasset" 525
"../../../HorizonTweenDemo/Content/StarterContent/Blueprints/Assets/SunlightColorLUT.uasset" 526
"../../../HorizonTweenDemo/Content/StarterContent/Blueprints/Assets/M_LightStage_Arrows.uasset" 527
"../../../Engine/Content/MapTemplates/Sky/DaylightAmbientCubemap.uasset" 528
"../../../HorizonTweenDemo/Content/StarterContent/Blueprints/Assets/M_LightStage_Skybox_Master.uasset" 529
"../../../HorizonTweenDemo/Content/StarterContent/Blueprints/Assets/M_LightStage_Skybox_Black.uasset" 530
"../../../HorizonTweenDemo/Content/StarterContent/Blueprints/Assets/M_LightStage_Skybox_HDRI.uasset" 531
"../../../Engine/Content/EditorMaterials/Thumbnails/SkySphereMaterial.uasset" 532
"../../../HorizonTweenDemo/Content/StarterContent/Blueprints/Assets/Skybox.uasset" 533
"../../../HorizonTweenDemo/Content/StarterContent/Blueprints/Assets/SM_Arrows.uasset" 534
"../../../HorizonTweenDemo/Content/StarterContent/HDRI/HDRI_Epic_Courtyard_Daylight.uasset" 535
"../../../HorizonTweenDemo/Content/StarterContent/Blueprints/BP_LightStudio.uasset" 536
"../../../HorizonTweenDemo/Content/StarterContent/Maps/Advanced_Lighting_BuiltData.uasset" 537
"../../../HorizonTweenDemo/Content/StarterContent/Materials/M_AssetPlatform.uasset" 538
"../../../Engine/Content/EditorMeshes/ColorCalibrator/M_ChromeBall.uasset" 539
"../../../Engine/Content/EditorMeshes/ColorCalibrator/M_ClearCoat.uasset" 540
"../../../Engine/Content/EditorMeshes/ColorCalibrator/M_ClearCoatBlack.uasset" 541
"../../../Engine/Content/EditorMeshes/ColorCalibrator/Color_checker.uasset" 542
"../../../Engine/Content/EditorMeshes/ColorCalibrator/M_ColorGrid.uasset" 543
"../../../Engine/Content/EditorMeshes/ColorCalibrator/M_GreyBall.uasset" 544
"../../../Engine/Content/EditorMeshes/ColorCalibrator/SM_ColorCalibrator.uasset" 545
"../../../HorizonTweenDemo/Content/StarterContent/Architecture/SM_AssetPlatform.uasset" 546
"../../../HorizonTweenDemo/Content/StarterContent/Maps/Advanced_Lighting.umap" 547
"../../../Engine/Content/EngineSky/C_Sky_Cloud_Color.uasset" 548
"../../../Engine/Content/EngineSky/C_Sky_Horizon_Color.uasset" 549
"../../../Engine/Content/EngineSky/C_Sky_Zenith_Color.uasset" 550
"../../../Engine/Content/EngineSky/T_Sky_Blue.uasset" 551
"../../../Engine/Content/EngineSky/T_Sky_Clouds_M.uasset" 552
"../../../Engine/Content/EngineSky/T_Sky_Stars.uasset" 553
"../../../Engine/Content/EngineSky/M_Sky_Panning_Clouds2.uasset" 554
"../../../Engine/Content/EngineSky/SM_SkySphere.uasset" 555
"../../../Engine/Content/EngineSky/BP_Sky_Sphere.uasset" 556
"../../../HorizonTweenDemo/Content/StarterContent/Maps/Minimal_Default_BuiltData.uasset" 557
"../../../HorizonTweenDemo/Content/StarterContent/Textures/T_MacroVariation.uasset" 558
"../../../HorizonTweenDemo/Content/StarterContent/Materials/M_Metal_Brushed_Nickel.uasset" 559
"../../../HorizonTweenDemo/Content/StarterContent/Textures/T_Metal_Aluminum_D.uasset" 560
"../../../HorizonTweenDemo/Content/StarterContent/Textures/T_Metal_Gold_N.uasset" 561
"../../../HorizonTweenDemo/Content/StarterContent/Materials/M_Metal_Burnished_Steel.uasset" 562
"../../../HorizonTweenDemo/Content/StarterContent/Textures/T_Metal_Copper_D.uasset" 563
"../../../HorizonTweenDemo/Content/StarterContent/Materials/M_Metal_Copper.uasset" 564
"../../../HorizonTweenDemo/Content/StarterContent/Textures/T_Statue_M.uasset" 565
"../../../HorizonTweenDemo/Content/StarterContent/Textures/T_Statue_N.uasset" 566
"../../../HorizonTweenDemo/Content/StarterContent/Props/Materials/M_StatueGlass.uasset" 567
"../../../HorizonTweenDemo/Content/StarterContent/Architecture/Floor_400x400.uasset" 568
"../../../HorizonTweenDemo/Content/StarterContent/Audio/Starter_Background_Cue.uasset" 569
"../../../HorizonTweenDemo/Content/StarterContent/Props/Materials/M_Statue.uasset" 570
"../../../HorizonTweenDemo/Content/StarterContent/Props/SM_Statue.uasset" 571
"../../../HorizonTweenDemo/Content/StarterContent/Textures/T_TableRound_M.uasset" 572
"../../../HorizonTweenDemo/Content/StarterContent/Textures/T_TableRound_N.uasset" 573
"../../../HorizonTweenDemo/Content/StarterContent/Props/Materials/M_TableRound.uasset" 574
"../../../HorizonTweenDemo/Content/StarterContent/Props/SM_TableRound.uasset" 575
"../../../HorizonTweenDemo/Content/StarterContent/Maps/Minimal_Default.umap" 576
"../../../HorizonTweenDemo/Content/StarterContent/Audio/Fire01_Cue.uasset" 577
"../../../HorizonTweenDemo/Content/StarterContent/Textures/T_Fire_SubUV.uasset" 578
"../../../HorizonTweenDemo/Content/StarterContent/Textures/T_Fire_Tiled_D.uasset" 579
"../../../HorizonTweenDemo/Content/StarterContent/Particles/Materials/M_Fire_SubUV.uasset" 580
"../../../HorizonTweenDemo/Content/StarterContent/Textures/T_Water_N.uasset" 581
"../../../HorizonTweenDemo/Content/StarterContent/Particles/Materials/M_Heat_Distortion.uasset" 582
"../../../HorizonTweenDemo/Content/StarterContent/Particles/Materials/M_Radial_Gradient.uasset" 583
"../../../HorizonTweenDemo/Content/StarterContent/Particles/P_Fire.uasset" 584
"../../../HorizonTweenDemo/Content/StarterContent/Blueprints/Blueprint_Effect_Fire.uasset" 585
"../../../HorizonTweenDemo/Content/StarterContent/Audio/Smoke01_Cue.uasset" 586
"../../../HorizonTweenDemo/Content/StarterContent/Particles/P_Smoke.uasset" 587
"../../../HorizonTweenDemo/Content/StarterContent/Blueprints/Blueprint_Effect_Smoke.uasset" 588
"../../../HorizonTweenDemo/Content/StarterContent/Audio/Fire_Sparks01_Cue.uasset" 589
"../../../HorizonTweenDemo/Content/StarterContent/Textures/T_Spark_Core.uasset" 590
"../../../HorizonTweenDemo/Content/StarterContent/Particles/Materials/M_Spark.uasset" 591
"../../../HorizonTweenDemo/Content/StarterContent/Particles/P_Sparks.uasset" 592
"../../../HorizonTweenDemo/Content/StarterContent/Blueprints/Blueprint_Effect_Sparks.uasset" 593
"../../../HorizonTweenDemo/Content/StarterContent/Audio/Steam01_Cue.uasset" 594
"../../../HorizonTweenDemo/Content/StarterContent/Particles/P_Steam_Lit.uasset" 595
"../../../HorizonTweenDemo/Content/StarterContent/Blueprints/Blueprint_Effect_Steam.uasset" 596
"../../../HorizonTweenDemo/Content/StarterContent/Textures/T_Lamp_M.uasset" 597
"../../../HorizonTweenDemo/Content/StarterContent/Textures/T_Lamp_N.uasset" 598
"../../../HorizonTweenDemo/Content/StarterContent/Props/Materials/M_Lamp.uasset" 599
"../../../HorizonTweenDemo/Content/StarterContent/Props/SM_Lamp_Ceiling.uasset" 600
"../../../HorizonTweenDemo/Content/StarterContent/Blueprints/Blueprint_CeilingLight.uasset" 601
"../../../HorizonTweenDemo/Content/StarterContent/Props/SM_Lamp_Wall.uasset" 602
"../../../HorizonTweenDemo/Content/StarterContent/Blueprints/Blueprint_WallSconce.uasset" 603
"../../../HorizonTweenDemo/Content/StarterContent/Maps/StarterMap_BuiltData.uasset" 604
"../../../Engine/Content/Functions/Engine_MaterialFunctions03/Procedurals/ComputeFilterWidth.uasset" 605
"../../../Engine/Content/EngineMaterials/AntiAliasedTextMaterialTranslucent.uasset" 606
"../../../HorizonTweenDemo/Content/StarterContent/Textures/T_Brick_Clay_Beveled_D.uasset" 607
"../../../HorizonTweenDemo/Content/StarterContent/Textures/T_Brick_Clay_Beveled_M.uasset" 608
"../../../HorizonTweenDemo/Content/StarterContent/Textures/T_Brick_Clay_Beveled_N.uasset" 609
"../../../HorizonTweenDemo/Content/StarterContent/Materials/M_Brick_Clay_Beveled.uasset" 610
"../../../HorizonTweenDemo/Content/StarterContent/Textures/T_Brick_Clay_New_D.uasset" 611
"../../../HorizonTweenDemo/Content/StarterContent/Textures/T_Brick_Clay_New_M.uasset" 612
"../../../HorizonTweenDemo/Content/StarterContent/Textures/T_Brick_Clay_New_N.uasset" 613
"../../../HorizonTweenDemo/Content/StarterContent/Materials/M_Brick_Clay_New.uasset" 614
"../../../HorizonTweenDemo/Content/StarterContent/Textures/T_Brick_Clay_Old_D.uasset" 615
"../../../HorizonTweenDemo/Content/StarterContent/Textures/T_Brick_Clay_Old_N.uasset" 616
"../../../HorizonTweenDemo/Content/StarterContent/Textures/T_Perlin_Noise_M.uasset" 617
"../../../HorizonTweenDemo/Content/StarterContent/Materials/M_Brick_Clay_Old.uasset" 618
"../../../HorizonTweenDemo/Content/StarterContent/Textures/T_Brick_Cut_Stone_D.uasset" 619
"../../../HorizonTweenDemo/Content/StarterContent/Textures/T_Brick_Cut_Stone_N.uasset" 620
"../../../HorizonTweenDemo/Content/StarterContent/Materials/M_Brick_Cut_Stone.uasset" 621
"../../../HorizonTweenDemo/Content/StarterContent/Textures/T_Brick_Hewn_Stone_D.uasset" 622
"../../../HorizonTweenDemo/Content/StarterContent/Textures/T_Brick_Hewn_Stone_M.uasset" 623
"../../../HorizonTweenDemo/Content/StarterContent/Textures/T_Brick_Hewn_Stone_N.uasset" 624
"../../../HorizonTweenDemo/Content/StarterContent/Materials/M_Brick_Hewn_Stone.uasset" 625
"../../../HorizonTweenDemo/Content/StarterContent/Textures/T_Ceramic_Tile_M.uasset" 626
"../../../HorizonTweenDemo/Content/StarterContent/Textures/T_Ceramic_Tile_N.uasset" 627
"../../../HorizonTweenDemo/Content/StarterContent/Textures/T_Rock_Marble_Polished_D.uasset" 628
"../../../HorizonTweenDemo/Content/StarterContent/Materials/M_Ceramic_Tile_Checker.uasset" 629
"../../../HorizonTweenDemo/Content/StarterContent/Textures/T_CobbleStone_Pebble_D.uasset" 630
"../../../HorizonTweenDemo/Content/StarterContent/Textures/T_CobbleStone_Pebble_M.uasset" 631
"../../../HorizonTweenDemo/Content/StarterContent/Textures/T_CobbleStone_Pebble_N.uasset" 632
"../../../HorizonTweenDemo/Content/StarterContent/Materials/M_CobbleStone_Pebble.uasset" 633
"../../../HorizonTweenDemo/Content/StarterContent/Textures/T_CobbleStone_Rough_D.uasset" 634
"../../../HorizonTweenDemo/Content/StarterContent/Textures/T_CobbleStone_Rough_N.uasset" 635
"../../../HorizonTweenDemo/Content/StarterContent/Textures/T_Gradinet_01.uasset" 636
"../../../HorizonTweenDemo/Content/StarterContent/Textures/T_Rock_Smooth_Granite_D.uasset" 637
"../../../HorizonTweenDemo/Content/StarterContent/Materials/M_CobbleStone_Rough.uasset" 638
"../../../HorizonTweenDemo/Content/StarterContent/Textures/T_CobbleStone_Smooth_D.uasset" 639
"../../../HorizonTweenDemo/Content/StarterContent/Textures/T_CobbleStone_Smooth_M.uasset" 640
"../../../HorizonTweenDemo/Content/StarterContent/Textures/T_CobbleStone_Smooth_N.uasset" 641
"../../../HorizonTweenDemo/Content/StarterContent/Materials/M_CobbleStone_Smooth.uasset" 642
"../../../HorizonTweenDemo/Content/StarterContent/Textures/T_Concrete_Grime_D.uasset" 643
"../../../HorizonTweenDemo/Content/StarterContent/Textures/T_Metal_Rust_N.uasset" 644
"../../../HorizonTweenDemo/Content/StarterContent/Materials/M_Concrete_Grime.uasset" 645
"../../../HorizonTweenDemo/Content/StarterContent/Textures/T_Concrete_Panels_D.uasset" 646
"../../../HorizonTweenDemo/Content/StarterContent/Textures/T_Concrete_Panels_N.uasset" 647
"../../../HorizonTweenDemo/Content/StarterContent/Materials/M_Concrete_Panels.uasset" 648
"../../../HorizonTweenDemo/Content/StarterContent/Textures/T_Concrete_Poured_D.uasset" 649
"../../../HorizonTweenDemo/Content/StarterContent/Textures/T_Concrete_Poured_N.uasset" 650
"../../../HorizonTweenDemo/Content/StarterContent/Materials/M_Concrete_Poured.uasset" 651
"../../../HorizonTweenDemo/Content/StarterContent/Textures/T_Concrete_Tiles_D.uasset" 652
"../../../HorizonTweenDemo/Content/StarterContent/Textures/T_Concrete_Tiles_M.uasset" 653
"../../../HorizonTweenDemo/Content/StarterContent/Textures/T_Concrete_Tiles_N.uasset" 654
"../../../HorizonTweenDemo/Content/StarterContent/Textures/T_Concrete_Tiles_Variation_M.uasset" 655
"../../../HorizonTweenDemo/Content/StarterContent/Materials/M_Concrete_Tiles.uasset" 656
"../../../HorizonTweenDemo/Content/StarterContent/Textures/T_Ground_Grass_D.uasset" 657
"../../../HorizonTweenDemo/Content/StarterContent/Textures/T_Ground_Grass_N.uasset" 658
"../../../HorizonTweenDemo/Content/StarterContent/Materials/M_Ground_Grass.uasset" 659
"../../../HorizonTweenDemo/Content/StarterContent/Textures/T_Ground_Gravel_D.uasset" 660
"../../../HorizonTweenDemo/Content/StarterContent/Textures/T_Ground_Gravel_N.uasset" 661
"../../../HorizonTweenDemo/Content/StarterContent/Materials/M_Ground_Gravel.uasset" 662
"../../../HorizonTweenDemo/Content/StarterContent/Textures/T_ground_Moss_D.uasset" 663
"../../../HorizonTweenDemo/Content/StarterContent/Textures/T_Ground_Moss_N.uasset" 664
"../../../HorizonTweenDemo/Content/StarterContent/Materials/M_Ground_Moss.uasset" 665
"../../../HorizonTweenDemo/Content/StarterContent/Materials/M_Metal_Chrome.uasset" 666
"../../../HorizonTweenDemo/Content/StarterContent/Textures/T_Metal_Gold_D.uasset" 667
"../../../HorizonTweenDemo/Content/StarterContent/Materials/M_Metal_Gold.uasset" 668
"../../../HorizonTweenDemo/Content/StarterContent/Textures/T_Metal_Rust_D.uasset" 669
"../../../HorizonTweenDemo/Content/StarterContent/Materials/M_Metal_Rust.uasset" 670
"../../../HorizonTweenDemo/Content/StarterContent/Textures/T_Metal_Steel_D.uasset" 671
"../../../HorizonTweenDemo/Content/StarterContent/Textures/T_Metal_Steel_N.uasset" 672
"../../../HorizonTweenDemo/Content/StarterContent/Materials/M_Metal_Steel.uasset" 673
"../../../HorizonTweenDemo/Content/StarterContent/Textures/T_Rock_Basalt_N.uasset" 674
"../../../HorizonTweenDemo/Content/StarterContent/Materials/M_Rock_Basalt.uasset" 675
"../../../HorizonTweenDemo/Content/StarterContent/Materials/M_Rock_Marble_Polished.uasset" 676
"../../../HorizonTweenDemo/Content/StarterContent/Textures/T_Rock_Sandstone_D.uasset" 677
"../../../HorizonTweenDemo/Content/StarterContent/Textures/T_Rock_Sandstone_N.uasset" 678
"../../../HorizonTweenDemo/Content/StarterContent/Materials/M_Rock_Sandstone.uasset" 679
"../../../HorizonTweenDemo/Content/StarterContent/Textures/T_Rock_Slate_D.uasset" 680
"../../../HorizonTweenDemo/Content/StarterContent/Textures/T_Rock_Slate_N.uasset" 681
"../../../HorizonTweenDemo/Content/StarterContent/Materials/M_Rock_Slate.uasset" 682
"../../../HorizonTweenDemo/Content/StarterContent/Textures/T_Checker_Noise_M.uasset" 683
"../../../HorizonTweenDemo/Content/StarterContent/Textures/T_Single_Tile_N.uasset" 684
"../../../HorizonTweenDemo/Content/StarterContent/Textures/T_Tech_Dot_M.uasset" 685
"../../../HorizonTweenDemo/Content/StarterContent/Textures/T_Tech_Dot_N.uasset" 686
"../../../HorizonTweenDemo/Content/StarterContent/Materials/M_Tech_Checker_Dot.uasset" 687
"../../../HorizonTweenDemo/Content/StarterContent/Textures/T_Tech_Hex_Tile_M.uasset" 688
"../../../HorizonTweenDemo/Content/StarterContent/Textures/T_Tech_Hex_Tile_N.uasset" 689
"../../../HorizonTweenDemo/Content/StarterContent/Materials/M_Tech_Hex_Tile.uasset" 690
"../../../HorizonTweenDemo/Content/StarterContent/Materials/M_Tech_Hex_Tile_Pulse.uasset" 691
"../../../HorizonTweenDemo/Content/StarterContent/Textures/T_Tech_Panel_M.uasset" 692
"../../../HorizonTweenDemo/Content/StarterContent/Textures/T_Tech_Panel_N.uasset" 693
"../../../HorizonTweenDemo/Content/StarterContent/Materials/M_Tech_Panel.uasset" 694
"../../../HorizonTweenDemo/Content/StarterContent/Materials/M_Water_Lake.uasset" 695
"../../../HorizonTweenDemo/Content/StarterContent/Textures/T_Water_M.uasset" 696
"../../../HorizonTweenDemo/Content/StarterContent/Materials/M_Water_Ocean.uasset" 697
"../../../HorizonTweenDemo/Content/StarterContent/Textures/T_Wood_Floor_Walnut_D.uasset" 698
"../../../HorizonTweenDemo/Content/StarterContent/Textures/T_Wood_Floor_Walnut_M.uasset" 699
"../../../HorizonTweenDemo/Content/StarterContent/Textures/T_Wood_Floor_Walnut_N.uasset" 700
"../../../HorizonTweenDemo/Content/StarterContent/Materials/M_Wood_Floor_Walnut_Polished.uasset" 701
"../../../Engine/Content/Functions/Engine_MaterialFunctions01/Opacity/AlphaOffset.uasset" 702
"../../../HorizonTweenDemo/Content/StarterContent/Materials/M_Wood_Floor_Walnut_Worn.uasset" 703
"../../../HorizonTweenDemo/Content/StarterContent/Textures/T_Wood_Oak_D.uasset" 704
"../../../HorizonTweenDemo/Content/StarterContent/Textures/T_Wood_Oak_N.uasset" 705
"../../../HorizonTweenDemo/Content/StarterContent/Materials/M_Wood_Oak.uasset" 706
"../../../HorizonTweenDemo/Content/StarterContent/Textures/T_Wood_Pine_D.uasset" 707
"../../../HorizonTweenDemo/Content/StarterContent/Textures/T_Wood_Pine_N.uasset" 708
"../../../HorizonTweenDemo/Content/StarterContent/Materials/M_Wood_Pine.uasset" 709
"../../../HorizonTweenDemo/Content/StarterContent/Textures/T_Wood_Walnut_D.uasset" 710
"../../../HorizonTweenDemo/Content/StarterContent/Textures/T_Wood_Walnut_N.uasset" 711
"../../../HorizonTweenDemo/Content/StarterContent/Materials/M_Wood_Walnut.uasset" 712
"../../../HorizonTweenDemo/Content/StarterContent/Architecture/Wall_400x200.uasset" 713
"../../../HorizonTweenDemo/Content/StarterContent/Architecture/Wall_Door_400x300.uasset" 714
"../../../HorizonTweenDemo/Content/StarterContent/Architecture/Wall_Window_400x300.uasset" 715
"../../../HorizonTweenDemo/Content/StarterContent/Audio/Collapse_Cue.uasset" 716
"../../../HorizonTweenDemo/Content/StarterContent/Audio/Starter_Music_Cue.uasset" 717
"../../../HorizonTweenDemo/Content/StarterContent/Textures/T_Dust_Particle_D.uasset" 718
"../../../HorizonTweenDemo/Content/StarterContent/Particles/Materials/M_Dust_Particle.uasset" 719
"../../../HorizonTweenDemo/Content/StarterContent/Particles/P_Ambient_Dust.uasset" 720
"../../../HorizonTweenDemo/Content/StarterContent/Props/MaterialSphere.uasset" 721
"../../../HorizonTweenDemo/Content/StarterContent/Textures/T_Frame_M.uasset" 722
"../../../HorizonTweenDemo/Content/StarterContent/Textures/T_Frame_N.uasset" 723
"../../../HorizonTweenDemo/Content/StarterContent/Props/Materials/M_Frame.uasset" 724
"../../../HorizonTweenDemo/Content/StarterContent/Props/SM_CornerFrame.uasset" 725
"../../../HorizonTweenDemo/Content/StarterContent/Props/SM_DoorFrame.uasset" 726
"../../../HorizonTweenDemo/Content/StarterContent/Props/SM_GlassWindow.uasset" 727
"../../../HorizonTweenDemo/Content/StarterContent/Props/SM_PillarFrame.uasset" 728
"../../../HorizonTweenDemo/Content/StarterContent/Props/SM_PillarFrame300.uasset" 729
"../../../HorizonTweenDemo/Content/StarterContent/Props/SM_WindowFrame.uasset" 730
"../../../HorizonTweenDemo/Content/StarterContent/Shapes/Shape_Cube.uasset" 731
"../../../HorizonTweenDemo/Content/StarterContent/Shapes/Shape_QuadPyramid.uasset" 732
"../../../HorizonTweenDemo/Content/StarterContent/Shapes/Shape_Sphere.uasset" 733
"../../../HorizonTweenDemo/Content/StarterContent/Maps/StarterMap.umap" 734
"../../../Engine/Content/Maps/Entry.umap" 735
