"../../../Engine/Content/Animation/DefaultAnimCurveCompressionSettings.uasset" 0
"../../../Engine/Content/Functions/Engine_MaterialFunctions01/Opacity/CameraDepthFade.uasset" 1
"../../../Engine/Content/EngineMaterials/T_Default_Material_Grid_M.uasset" 2
"../../../Engine/Content/EngineMaterials/T_Default_Material_Grid_N.uasset" 3
"../../../Engine/Content/EngineMaterials/WorldGridMaterial.uasset" 4
"../../../Engine/Content/ArtTools/RenderToTexture/Meshes/S_1_Unit_Plane.uasset" 5
"../../../Engine/Content/EngineMaterials/DefaultMaterial.uasset" 6
"../../../Engine/Content/BasicShapes/Cone.uasset" 7
"../../../Engine/Content/BasicShapes/Cylinder.uasset" 8
"../../../Engine/Content/BasicShapes/Plane.uasset" 9
"../../../Engine/Content/EditorLandscapeResources/DataLayer.uasset" 10
"../../../Engine/Content/EditorMaterials/GizmoMaterial.uasset" 11
"../../../Engine/Content/EditorMaterials/MAT_Groups_Toggle.uasset" 12
"../../../Engine/Content/EditorMaterials/MAT_Groups_Visibility.uasset" 13
"../../../Engine/Content/EditorMaterials/PreviewShadowIndicator.uasset" 14
"../../../Engine/Content/EditorMaterials/PreviewShadowIndicatorMaterial.uasset" 15
"../../../Engine/Content/EditorMaterials/MatineeGroups/MAT_ColorTrack.uasset" 16
"../../../Engine/Content/EditorMaterials/MatineeGroups/MAT_Groups_Anim.uasset" 17
"../../../Engine/Content/EditorMaterials/MatineeGroups/MAT_Groups_AudioMaster.uasset" 18
"../../../Engine/Content/EditorMaterials/MatineeGroups/MAT_Groups_Director.uasset" 19
"../../../Engine/Content/EditorMaterials/MatineeGroups/MAT_Groups_Event.uasset" 20
"../../../Engine/Content/EditorMaterials/MatineeGroups/MAT_Groups_Fade.uasset" 21
"../../../Engine/Content/EditorMaterials/MatineeGroups/MAT_Groups_Float.uasset" 22
"../../../Engine/Content/EditorMaterials/MatineeGroups/MAT_Groups_Move.uasset" 23
"../../../Engine/Content/EditorMaterials/MatineeGroups/MAT_Groups_Slomo.uasset" 24
"../../../Engine/Content/EditorMaterials/MatineeGroups/MAT_Groups_Sound.uasset" 25
"../../../Engine/Content/EditorMaterials/MatineeGroups/MAT_Groups_Vector.uasset" 26
"../../../Engine/Content/EditorMaterials/ParticleSystems/PSysThumbnail_NoImage.uasset" 27
"../../../Engine/Content/EditorMaterials/ParticleSystems/PSysThumbnail_OOD.uasset" 28
"../../../Engine/Content/EditorMaterials/Camera/CineMat.uasset" 29
"../../../Engine/Content/EditorMaterials/Camera/MI_CineMat_Rig.uasset" 30
"../../../Engine/Content/EditorMeshes/Camera/SM_CraneRig_Arm.uasset" 31
"../../../Engine/Content/EditorMeshes/Camera/SM_CraneRig_Base.uasset" 32
"../../../Engine/Content/EditorMeshes/Camera/SM_CraneRig_Body.uasset" 33
"../../../Engine/Content/EditorMeshes/Camera/SM_CraneRig_Mount.uasset" 34
"../../../Engine/Content/EditorMeshes/Camera/SM_RailRig_Mount.uasset" 35
"../../../Engine/Content/EditorMeshes/Camera/SM_RailRig_Track.uasset" 36
"../../../Engine/Content/EditorResources/BSPVertex.uasset" 37
"../../../Engine/Content/EditorResources/S_Actor.uasset" 38
"../../../Engine/Content/EditorResources/S_Note.uasset" 39
"../../../Engine/Content/EditorResources/S_Trigger.uasset" 40
"../../../Engine/Content/EditorResources/SequenceRecorder/Countdown.uasset" 41
"../../../Engine/Content/EditorResources/SequenceRecorder/RecordingIndicator.uasset" 42
"../../../Engine/Content/EditorSounds/Notifications/CompileFailed.uasset" 43
"../../../Engine/Content/EditorSounds/Notifications/CompileFailed_Cue.uasset" 44
"../../../Engine/Content/EditorSounds/Notifications/CompileSuccess.uasset" 45
"../../../Engine/Content/EditorSounds/Notifications/CompileStart_Cue.uasset" 46
"../../../Engine/Content/EditorSounds/Notifications/CompileSuccess_Cue.uasset" 47
"../../../Engine/Content/EngineDamageTypes/DmgTypeBP_Environmental.uasset" 48
"../../../Engine/Content/EngineDebugMaterials/HeatmapGradient.uasset" 49
"../../../Engine/Content/EngineDebugMaterials/BoneWeightMaterial.uasset" 50
"../../../Engine/Content/EngineDebugMaterials/ClothMaterial.uasset" 51
"../../../Engine/Content/EngineDebugMaterials/ClothMaterial_WF.uasset" 52
"../../../Engine/Content/EngineDebugMaterials/DebugEditorMaterial.uasset" 53
"../../../Engine/Content/EngineDebugMaterials/DebugMeshMaterial.uasset" 54
"../../../Engine/Content/EngineDebugMaterials/GeomMaterial.uasset" 55
"../../../Engine/Content/EngineDebugMaterials/M_SimpleTranslucent.uasset" 56
"../../../Engine/Content/Functions/Engine_MaterialFunctions02/Utility/CameraDirectionVector.uasset" 57
"../../../Engine/Content/EngineDebugMaterials/VolumeToRender.uasset" 58
"../../../Engine/Content/EngineDebugMaterials/M_VolumeRenderSphereTracePP.uasset" 59
"../../../Engine/Content/EngineDebugMaterials/WireframeMaterial.uasset" 60
"../../../Engine/Content/EngineFonts/Faces/RobotoBold.uasset" 61
"../../../Engine/Content/EngineFonts/Faces/RobotoBoldItalic.uasset" 62
"../../../Engine/Content/EngineFonts/Faces/RobotoItalic.uasset" 63
"../../../Engine/Content/EngineFonts/Faces/RobotoLight.uasset" 64
"../../../Engine/Content/EngineFonts/Faces/RobotoRegular.uasset" 65
"../../../Engine/Content/EngineFonts/Roboto.uasset" 66
"../../../Engine/Content/EngineFonts/Faces/RobotoTiny.uasset" 67
"../../../Engine/Content/EngineFonts/RobotoTiny.uasset" 68
"../../../Engine/Content/EngineMaterials/BaseFlattenDiffuseMap.uasset" 69
"../../../Engine/Content/EngineMaterials/BaseFlattenEmissiveMap.uasset" 70
"../../../Engine/Content/EngineMaterials/BaseFlattenGrayscaleMap.uasset" 71
"../../../Engine/Content/EngineMaterials/BaseFlattenNormalMap.uasset" 72
"../../../Engine/Content/EngineMaterials/BaseFlattenMaterial.uasset" 73
"../../../Engine/Content/EngineMaterials/BlueNoise.uasset" 74
"../../../Engine/Content/EngineMaterials/DefaultBloomKernel.uasset" 75
"../../../Engine/Content/EngineMaterials/DefaultBokeh.uasset" 76
"../../../Engine/Content/EngineMaterials/DefaultDiffuse.uasset" 77
"../../../Engine/Content/EngineMaterials/DefaultDeferredDecalMaterial.uasset" 78
"../../../Engine/Content/EngineMaterials/DefaultLightFunctionMaterial.uasset" 79
"../../../Engine/Content/EngineMaterials/DefaultPhysicalMaterial.uasset" 80
"../../../Engine/Content/Functions/Engine_MaterialFunctions02/Utility/BreakOutFloat2Components.uasset" 81
"../../../Engine/Content/EngineMaterials/DefaultPostProcessMaterial.uasset" 82
"../../../Engine/Content/EngineMaterials/DefaultVirtualTextureMaterial.uasset" 83
"../../../Engine/Content/EngineMaterials/DefaultWhiteGrid.uasset" 84
"../../../Engine/Content/EngineMaterials/EditorBrushMaterial.uasset" 85
"../../../Engine/Content/EngineMaterials/DefaultWhiteGrid_Low.uasset" 86
"../../../Engine/Content/EngineMaterials/EmissiveMeshMaterial.uasset" 87
"../../../Engine/Content/EngineMaterials/Good64x64TilingNoiseHighFreq.uasset" 88
"../../../Engine/Content/EngineMaterials/MiniFont.uasset" 89
"../../../Engine/Content/EngineMaterials/InvalidLightmapSettings.uasset" 90
"../../../Engine/Content/EngineMaterials/M_InvalidLightmapSettings.uasset" 91
"../../../Engine/Content/Functions/Engine_MaterialFunctions02/WorldPositionOffset/CameraOffset.uasset" 92
"../../../Engine/Content/EngineMaterials/PhAT_JointLimitMaterial.uasset" 93
"../../../Engine/Content/EngineMaterials/PreintegratedSkinBRDF.uasset" 94
"../../../Engine/Content/EngineMaterials/RemoveSurfaceMaterial.uasset" 95
"../../../Engine/Content/EngineMaterials/WeightMapPlaceholderTexture.uasset" 96
"../../../Engine/Content/EngineResources/WhiteSquareTexture.uasset" 97
"../../../Engine/Content/EngineMaterials/Widget3DPassThrough.uasset" 98
"../../../Engine/Content/EngineMaterials/Widget3DPassThrough_Masked.uasset" 99
"../../../Engine/Content/EngineMaterials/Widget3DPassThrough_Opaque.uasset" 100
"../../../Engine/Content/EngineMaterials/Widget3DPassThrough_Masked_OneSided.uasset" 101
"../../../Engine/Content/EngineMaterials/Widget3DPassThrough_Opaque_OneSided.uasset" 102
"../../../Engine/Content/EngineMaterials/Widget3DPassThrough_Translucent.uasset" 103
"../../../Engine/Content/EngineMaterials/Widget3DPassThrough_Translucent_OneSided.uasset" 104
"../../../Engine/Content/EngineMeshes/Cylinder.uasset" 105
"../../../Engine/Content/EngineMeshes/Sphere.uasset" 106
"../../../Engine/Content/EngineResources/Black.uasset" 107
"../../../Engine/Content/EngineResources/DefaultTexture.uasset" 108
"../../../Engine/Content/EngineResources/DefaultTextureCube.uasset" 109
"../../../Engine/Content/EngineResources/DefaultVolumeTexture2D.uasset" 110
"../../../Engine/Content/EngineResources/DefaultVolumeTexture.uasset" 111
"../../../Engine/Content/EngineResources/GradientTexture0.uasset" 112
"../../../Engine/Content/EngineSounds/Master.uasset" 113
"../../../Engine/Content/Functions/Engine_MaterialFunctions01/Shading/ConvertFromDiffSpec.uasset" 114
"../../../Engine/Content/Functions/Engine_MaterialFunctions01/Shading/PowerToRoughness.uasset" 115
"../../../Engine/Content/Maps/Templates/Thumbnails/Default.uasset" 116
"../../../Engine/Content/Maps/Templates/Thumbnails/VR-Basic.uasset" 117
"../../../Engine/Content/MobileResources/T_MobileControls_texture.uasset" 118
"../../../Engine/Content/MobileResources/T_MobileMenu2.uasset" 119
"../../../Engine/Content/MobileResources/HUD/AnalogHat.uasset" 120
"../../../Engine/Content/MobileResources/HUD/VirtualJoystick_Background.uasset" 121
"../../../Engine/Content/MobileResources/HUD/VirtualJoystick_Thumb.uasset" 122
"../../../Engine/Content/MobileResources/HUD/DefaultVirtualJoysticks.uasset" 123
"../../../Engine/Content/MobileResources/HUD/LeftVirtualJoystickOnly.uasset" 124
"../../../Engine/Content/MobileResources/HUD/MobileHUDButton1_off.uasset" 125
"../../../Engine/Content/MobileResources/HUD/MobileHUDButton1_on.uasset" 126
"../../../Engine/Content/MobileResources/HUD/MobileHUDButton2_off.uasset" 127
"../../../Engine/Content/MobileResources/HUD/MobileHUDButton2_on.uasset" 128
"../../../Engine/Content/MobileResources/HUD/MobileHUDButton3.uasset" 129
"../../../Engine/Content/MobileResources/HUD/MobileHUDButtonFire.uasset" 130
"../../../Engine/Content/MobileResources/HUD/MobileHUDDirectionPad.uasset" 131
"../../../Engine/Content/MobileResources/HUD/MobileHUDDirectionPad2.uasset" 132
"../../../Engine/Content/MobileResources/HUD/MobileHUDDirectionPad3.uasset" 133
"../../../Engine/Content/MobileResources/HUD/MobileHUDDirectionStick.uasset" 134
"../../../Engine/Content/MobileResources/HUD/T_Castle_ThumbstickInner.uasset" 135
"../../../Engine/Content/MobileResources/HUD/T_Castle_ThumbstickOutter.uasset" 136
"../../../Engine/Content/Tutorial/ContentIntroCurve.uasset" 137
"../../../Engine/Content/Tutorial/Basics/LevelEditorAttract.uasset" 138
"../../../Engine/Content/Tutorial/Basics/TutorialAssets/icon_tab_Levels_40x.uasset" 139
"../../../Engine/Content/Tutorial/Basics/LevelEditorOverview.uasset" 140
"../../../Engine/Content/Tutorial/BlueprintTutorials/TutorialAssets/Blueprint_64x.uasset" 141
"../../../Engine/Content/Tutorial/BlueprintTutorials/BlueprintEditorTutorial.uasset" 142
"../../../Engine/Content/Tutorial/Foliage/TutorialAssets/Foliage.uasset" 143
"../../../Engine/Content/Tutorial/Foliage/Foliage_Settings_Tutorial.uasset" 144
"../../../Engine/Content/Tutorial/SubEditors/GettingSubstance.uasset" 145
"../../../Engine/Content/VREditor/LaserPointer/VR_LaserPower_01.uasset" 146
"../../../Engine/Content/VREditor/TransformGizmo/TransformGizmoMaterial.uasset" 147
"../../../Engine/Content/VREditor/TransformGizmo/TranslucentTransformGizmoMaterial.uasset" 148
"../../../Engine/Content/VREditor/TransformGizmo/BoundingBoxCorner.uasset" 149
"../../../Engine/Content/VREditor/TransformGizmo/BoundingBoxEdge.uasset" 150
"../../../Engine/Content/VREditor/TransformGizmo/PlaneTranslationHandle.uasset" 151
"../../../Engine/Content/VREditor/TransformGizmo/Main.uasset" 152
"../../../Engine/Content/VREditor/TransformGizmo/Xray.uasset" 153
"../../../Engine/Content/VREditor/TransformGizmo/SM_Sequencer_Key.uasset" 154
"../../../Engine/Content/VREditor/TransformGizmo/SM_Sequencer_Node.uasset" 155
"../../Plugins/2D/Paper2D/Content/PlaceholderTextures/DummySpriteTexture.uasset" 156
"../../Plugins/2D/Paper2D/Content/DummySprite.uasset" 157
"../../Plugins/2D/Paper2D/Content/DefaultPaperTerrainMaterial.uasset" 158
"../../Plugins/2D/Paper2D/Content/DummySpriteTexture.uasset" 159
"../../Plugins/2D/Paper2D/Content/DefaultSpriteMaterial.uasset" 160
"../../Plugins/2D/Paper2D/Content/MaskedUnlitSpriteMaterial.uasset" 161
"../../Plugins/2D/Paper2D/Content/OpaqueUnlitSpriteMaterial.uasset" 162
"../../../Engine/Content/Functions/Engine_MaterialFunctions02/WorldPositionOffset/ObjectPivotPoint.uasset" 163
"../../Plugins/Enterprise/DatasmithContent/Content/Materials/HDRI_Attributes.uasset" 164
"../../../Engine/Content/Functions/Engine_MaterialFunctions02/Utility/VectorLength.uasset" 165
"../../Plugins/Enterprise/DatasmithContent/Content/Materials/HDRI_Projection.uasset" 166
"../../Plugins/Enterprise/DatasmithContent/Content/Materials/MI_HDRI_CameraProjection.uasset" 167
"../../Plugins/Enterprise/DatasmithContent/Content/Materials/MI_HDRI_CenterProjection.uasset" 168
"../../Plugins/Enterprise/DatasmithContent/Content/Meshes/EnviroDome.uasset" 169
"../../Plugins/Enterprise/DatasmithContent/Content/Textures/approaching_storm_4k.uasset" 170
"../../Plugins/Enterprise/DatasmithContent/Content/Datasmith/HDRIBackdrop.uasset" 171
"../../Plugins/Runtime/Oculus/OculusVR/Content/OculusMR_RenderTarget.uasset" 172
"../../../Engine/Content/Functions/Engine_MaterialFunctions02/Utility/BreakOutFloat4Components.uasset" 173
"../../../Engine/Content/Functions/Engine_MaterialFunctions02/Utility/MakeFloat2.uasset" 174
"../../../Engine/Content/Functions/Engine_MaterialFunctions02/Utility/MakeFloat3.uasset" 175
"../../Plugins/Runtime/Oculus/OculusVR/Content/Materials/OculusMR_ChromaKey.uasset" 176
"../../Plugins/Runtime/Oculus/OculusVR/Content/Materials/OculusMR_ChromaKey_Lit.uasset" 177
"../../Plugins/Runtime/Oculus/OculusVR/Content/Materials/OculusMR_OpaqueColoredMaterial.uasset" 178
"../../Plugins/Runtime/Oculus/OculusVR/Content/Materials/OculusMR_WhiteMaterial.uasset" 179
"../../Plugins/Runtime/Oculus/OculusVR/Content/Materials/PokeAHoleMaterial.uasset" 180
"../../Plugins/Runtime/Oculus/OculusVR/Content/Textures/GearVRController_AO.uasset" 181
"../../Plugins/Runtime/Oculus/OculusVR/Content/Textures/GearVRController_Color.uasset" 182
"../../Plugins/Runtime/Oculus/OculusVR/Content/Textures/GearVRController_Normal.uasset" 183
"../../Plugins/Runtime/Oculus/OculusVR/Content/Materials/GearVRControllerMaterial.uasset" 184
"../../Plugins/Runtime/Oculus/OculusVR/Content/Meshes/GearVrController.uasset" 185
"../../Plugins/Runtime/Oculus/OculusVR/Content/Textures/touchController_albedo.uasset" 186
"../../Plugins/Runtime/Oculus/OculusVR/Content/Textures/touchController_controlmap.uasset" 187
"../../Plugins/Runtime/Oculus/OculusVR/Content/Materials/touchController_mat.uasset" 188
"../../Plugins/Runtime/Oculus/OculusVR/Content/Meshes/LeftTouchController.uasset" 189
"../../Plugins/Runtime/Oculus/OculusVR/Content/Meshes/RiftHMD.uasset" 190
"../../Plugins/Runtime/Oculus/OculusVR/Content/Meshes/RightTouchController.uasset" 191
"../../../../UE4HorizonPlugin/HorizonTweenDemo/Content/Maps/HorizonTweenBaseTypeDemo.umap" 192
"../../../Engine/Content/EditorBlueprintResources/StandardMacros.uasset" 193
"../../../../UE4HorizonPlugin/HorizonTweenDemo/Content/ExampleContent/MaterialInstances/Materials/M_Arrows.uasset" 194
"../../../../UE4HorizonPlugin/HorizonTweenDemo/Content/DemoRoom/Materials/M_DemoWall.uasset" 195
"../../../../UE4HorizonPlugin/HorizonTweenDemo/Content/DemoRoom/Materials/M_DemoWall_Inst2.uasset" 196
"../../../../UE4HorizonPlugin/HorizonTweenDemo/Content/DemoRoom/Materials/M_LightSculpture.uasset" 197
"../../../../UE4HorizonPlugin/HorizonTweenDemo/Content/DemoRoom/Materials/M_LightSculpture_Red.uasset" 198
"../../../../UE4HorizonPlugin/HorizonTweenDemo/Content/DemoRoom/Materials/M_LightSculpture_Green.uasset" 199
"../../../../UE4HorizonPlugin/HorizonTweenDemo/Content/DemoRoom/Meshes/SM_Slider1.uasset" 200
"../../../../UE4HorizonPlugin/HorizonTweenDemo/Content/ExampleContent/Audio/Physical_Materials/Rubber.uasset" 201
"../../../../UE4HorizonPlugin/HorizonTweenDemo/Content/DemoRoom/Materials/M_DemoWall_Inst.uasset" 202
"../../../../UE4HorizonPlugin/HorizonTweenDemo/Content/ExampleContent/Audio/Physical_Materials/Metal.uasset" 203
"../../../../UE4HorizonPlugin/HorizonTweenDemo/Content/DemoRoom/Materials/M_DemoWall_Inst_3.uasset" 204
"../../../../UE4HorizonPlugin/HorizonTweenDemo/Content/DemoRoom/Meshes/SM_SliderBase.uasset" 205
"../../../../UE4HorizonPlugin/HorizonTweenDemo/Content/ExampleContent/AnimationDemo/BluePrints/BP_Slider.uasset" 206
"../../../Engine/Content/EditorMeshes/EditorPlane.uasset" 207
"../../../../UE4HorizonPlugin/HorizonTweenDemo/Content/DemoRoom/Meshes/SM_GraphFrame.uasset" 208
"../../../../UE4HorizonPlugin/HorizonTweenDemo/Content/ExampleContent/Math_Hall/Blueprint/BP_Graph_Enum.uasset" 209
"../../../../UE4HorizonPlugin/HorizonTweenDemo/Content/ExampleContent/Math_Hall/Blueprint/BP_Graph.uasset" 210
"../../../../UE4HorizonPlugin/HorizonTweenDemo/Content/ExampleContent/Blueprints/Materials/M_Orange_Shiny.uasset" 211
"../../../../UE4HorizonPlugin/HorizonTweenDemo/Content/ExampleContent/Blueprints/Meshes/SM_Button.uasset" 212
"../../../../UE4HorizonPlugin/HorizonTweenDemo/Content/DemoRoom/Materials/M_DemoWall_Inst_NamePlate.uasset" 213
"../../../../UE4HorizonPlugin/HorizonTweenDemo/Content/ExampleContent/Blueprints/Meshes/SM_Button_Base.uasset" 214
"../../../../UE4HorizonPlugin/HorizonTweenDemo/Content/ExampleContent/Blueprints/Blueprints/BP_Button_Counter.uasset" 215
"../../../../UE4HorizonPlugin/HorizonTweenDemo/Content/Character/HeroTPP_Skeleton.uasset" 216
"../../../../UE4HorizonPlugin/HorizonTweenDemo/Content/Animations/Run_Fwd.uasset" 217
"../../../../UE4HorizonPlugin/HorizonTweenDemo/Content/ExampleContent/Audio/Physical_Materials/Default.uasset" 218
"../../../../UE4HorizonPlugin/HorizonTweenDemo/Content/Character/HeroTPP_Physics2.uasset" 219
"../../../../UE4HorizonPlugin/HorizonTweenDemo/Content/Character/HeroTPP.uasset" 220
"../../../../UE4HorizonPlugin/HorizonTweenDemo/Content/ExampleContent/Physics/Blueprints/PhysicsAnimationBlendingHittReaction.uasset" 221
"../../../../UE4HorizonPlugin/HorizonTweenDemo/Content/Blueprints/BP_PlayerCharacter.uasset" 222
"../../../../UE4HorizonPlugin/HorizonTweenDemo/Content/ExampleContent/Blueprint_Communication/Textures/T_Crosshair_M.uasset" 223
"../../../../UE4HorizonPlugin/HorizonTweenDemo/Content/ExampleContent/Blueprint_Communication/Materials/M_Crosshair.uasset" 224
"../../../../UE4HorizonPlugin/HorizonTweenDemo/Content/ExampleContent/Physics/Blueprints/Hud_forPhysicsDemo.uasset" 225
"../../../../UE4HorizonPlugin/HorizonTweenDemo/Content/ExampleContent/Physics/Blueprints/PhysicsDemoPlayerController.uasset" 226
"../../../../UE4HorizonPlugin/HorizonTweenDemo/Content/Blueprints/CE_Game.uasset" 227
"../../../Engine/Content/EngineFonts/RobotoDistanceField.uasset" 228
"../../../Engine/Content/EngineMaterials/DefaultTextMaterialOpaque.uasset" 229
"../../../../UE4HorizonPlugin/HorizonTweenDemo/Content/DemoRoom/Materials/DefaultTextMaterialTranslucentUnlit.uasset" 230
"../../../../UE4HorizonPlugin/HorizonTweenDemo/Content/DemoRoom/Materials/M_DemoWall_Inst_BaseFloor_Inst.uasset" 231
"../../../../UE4HorizonPlugin/HorizonTweenDemo/Content/DemoRoom/BluePrint/BP_DemoDisplay_Enum.uasset" 232
"../../../../UE4HorizonPlugin/HorizonTweenDemo/Content/DemoRoom/Meshes/SM_Base.uasset" 233
"../../../../UE4HorizonPlugin/HorizonTweenDemo/Content/DemoRoom/Meshes/SM_Base2.uasset" 234
"../../../../UE4HorizonPlugin/HorizonTweenDemo/Content/DemoRoom/Meshes/SM_Base_FlatWall.uasset" 235
"../../../../UE4HorizonPlugin/HorizonTweenDemo/Content/DemoRoom/Meshes/SM_BaseRoom.uasset" 236
"../../../../UE4HorizonPlugin/HorizonTweenDemo/Content/DemoRoom/Meshes/SM_NamePlate.uasset" 237
"../../../../UE4HorizonPlugin/HorizonTweenDemo/Content/DemoRoom/BluePrint/BP_DemoDisplay.uasset" 238
"../../../../UE4HorizonPlugin/HorizonTweenDemo/Content/DemoRoom/BluePrint/BP_DemoRoom_Enum.uasset" 239
"../../../../UE4HorizonPlugin/HorizonTweenDemo/Content/DemoRoom/BluePrint/DemoRoomStruct.uasset" 240
"../../../../UE4HorizonPlugin/HorizonTweenDemo/Content/DemoRoom/Textures/T_UnrealEngineDecal.uasset" 241
"../../../../UE4HorizonPlugin/HorizonTweenDemo/Content/DemoRoom/Materials/M_Glass.uasset" 242
"../../../../UE4HorizonPlugin/HorizonTweenDemo/Content/DemoRoom/Textures/T_RoomTiles_M.uasset" 243
"../../../../UE4HorizonPlugin/HorizonTweenDemo/Content/DemoRoom/Textures/T_RoomTiles_N.uasset" 244
"../../../../UE4HorizonPlugin/HorizonTweenDemo/Content/DemoRoom/Materials/M_DemoRoomTiles.uasset" 245
"../../../../UE4HorizonPlugin/HorizonTweenDemo/Content/ExampleContent/Audio/Physical_Materials/Concrete.uasset" 246
"../../../../UE4HorizonPlugin/HorizonTweenDemo/Content/DemoRoom/Materials/M_DemoRoomTiles_Inst.uasset" 247
"../../../../UE4HorizonPlugin/HorizonTweenDemo/Content/DemoRoom/Textures/T_Pattern_M.uasset" 248
"../../../../UE4HorizonPlugin/HorizonTweenDemo/Content/DemoRoom/Materials/M_DemoWallPattern.uasset" 249
"../../../../UE4HorizonPlugin/HorizonTweenDemo/Content/DemoRoom/Materials/M_DemoWallPattern_Inst.uasset" 250
"../../../../UE4HorizonPlugin/HorizonTweenDemo/Content/DemoRoom/Materials/M_DemoWallPattern_Inst_Mirrored.uasset" 251
"../../../../UE4HorizonPlugin/HorizonTweenDemo/Content/DemoRoom/Materials/M_DemoWallPattern_NoText.uasset" 252
"../../../../UE4HorizonPlugin/HorizonTweenDemo/Content/DemoRoom/Materials/M_Glass_Inst.uasset" 253
"../../../../UE4HorizonPlugin/HorizonTweenDemo/Content/DemoRoom/Meshes/SM_DemoDivider_1.uasset" 254
"../../../../UE4HorizonPlugin/HorizonTweenDemo/Content/DemoRoom/Meshes/SM_DemoDivider_2.uasset" 255
"../../../../UE4HorizonPlugin/HorizonTweenDemo/Content/DemoRoom/Meshes/SM_DemoRoomBackWall.uasset" 256
"../../../../UE4HorizonPlugin/HorizonTweenDemo/Content/DemoRoom/Materials/M_DemoWall_MattPlastic.uasset" 257
"../../../../UE4HorizonPlugin/HorizonTweenDemo/Content/DemoRoom/Meshes/SM_DemoRoomBackWall2.uasset" 258
"../../../../UE4HorizonPlugin/HorizonTweenDemo/Content/DemoRoom/Materials/M_LightTube.uasset" 259
"../../../../UE4HorizonPlugin/HorizonTweenDemo/Content/DemoRoom/Materials/M_LightTube_Inst.uasset" 260
"../../../../UE4HorizonPlugin/HorizonTweenDemo/Content/DemoRoom/Meshes/SM_DemoRoomClamp.uasset" 261
"../../../../UE4HorizonPlugin/HorizonTweenDemo/Content/DemoRoom/Meshes/SM_DemoRoomClamp2.uasset" 262
"../../../../UE4HorizonPlugin/HorizonTweenDemo/Content/DemoRoom/Meshes/SM_DemoRoomL.uasset" 263
"../../../../UE4HorizonPlugin/HorizonTweenDemo/Content/DemoRoom/Meshes/SM_DemoRoomLTrim.uasset" 264
"../../../../UE4HorizonPlugin/HorizonTweenDemo/Content/DemoRoom/Meshes/SM_DemoRoomTrim.uasset" 265
"../../../../UE4HorizonPlugin/HorizonTweenDemo/Content/DemoRoom/Meshes/SM_DemoRoomTrim2.uasset" 266
"../../../../UE4HorizonPlugin/HorizonTweenDemo/Content/DemoRoom/Meshes/SM_DemoRoomTrimAdd.uasset" 267
"../../../../UE4HorizonPlugin/HorizonTweenDemo/Content/DemoRoom/Meshes/SM_DemoRoomU.uasset" 268
"../../../../UE4HorizonPlugin/HorizonTweenDemo/Content/DemoRoom/Meshes/SM_DemoRoomU2.uasset" 269
"../../../../UE4HorizonPlugin/HorizonTweenDemo/Content/DemoRoom/Meshes/SM_DemoRoomU_Hole.uasset" 270
"../../../../UE4HorizonPlugin/HorizonTweenDemo/Content/DemoRoom/Meshes/SM_URoom_Wall.uasset" 271
"../../../../UE4HorizonPlugin/HorizonTweenDemo/Content/DemoRoom/Meshes/SM_URoom_Wall2.uasset" 272
"../../../../UE4HorizonPlugin/HorizonTweenDemo/Content/DemoRoom/BluePrint/BP_DemoRoom.uasset" 273
"../../../../UE4HorizonPlugin/HorizonTweenDemo/Content/DemoRoom/BluePrint/RoomDescription.uasset" 274
"../../../../UE4HorizonPlugin/HorizonTweenDemo/Content/ExampleContent/Blueprints/Blueprints/BPI_Interactions.uasset" 275
"../../../../UE4HorizonPlugin/HorizonTweenDemo/Content/ExampleContent/Blueprints/Blueprints/BP_Button.uasset" 276
"../../../Engine/Content/BasicShapes/BasicShapeMaterial.uasset" 277
"../../../Engine/Content/BasicShapes/Sphere.uasset" 278
"../../../../UE4HorizonPlugin/HorizonTweenDemo/Content/HorizonTweenPluginDemo/Blueprint/Demo13_ButtonTrigger.uasset" 279
"../../../../UE4HorizonPlugin/HorizonTweenDemo/Content/HorizonTweenPluginDemo/Image/sheep_girl.uasset" 280
"../../../../UE4HorizonPlugin/HorizonTweenDemo/Content/HorizonTweenPluginDemo/UMG/WBP_Demo16.uasset" 281
"../../../../UE4HorizonPlugin/HorizonTweenDemo/Content/HorizonTweenPluginDemo/Blueprint/Demo16_ButtonTrigger.uasset" 282
"../../../../UE4HorizonPlugin/HorizonTweenDemo/Content/HorizonTweenPluginDemo/Curve/MyTweenMoveCurve.uasset" 283
"../../../../UE4HorizonPlugin/HorizonTweenDemo/Content/HorizonTweenPluginDemo/Curve/MyTweenRotationCurve.uasset" 284
"../../../../UE4HorizonPlugin/HorizonTweenDemo/Content/HorizonTweenPluginDemo/Curve/MyTweenScaleCurve.uasset" 285
"../../../../UE4HorizonPlugin/HorizonTweenDemo/Content/HorizonTweenPluginDemo/Curve/MyTweenColorCurve.uasset" 286
"../../../../UE4HorizonPlugin/HorizonTweenDemo/Content/HorizonTweenPluginDemo/Image/I_C_Strawberry.uasset" 287
"../../../../UE4HorizonPlugin/HorizonTweenDemo/Content/HorizonTweenPluginDemo/Image/I_C_Watermellon.uasset" 288
"../../../../UE4HorizonPlugin/HorizonTweenDemo/Content/HorizonTweenPluginDemo/UMG/WBP_Demo13.uasset" 289
"../../../Engine/Content/BasicShapes/Cube.uasset" 290
"../../../../UE4HorizonPlugin/HorizonTweenDemo/Content/DemoRoom/Textures/T_UE4_Logo_M.uasset" 291
"../../../../UE4HorizonPlugin/HorizonTweenDemo/Content/DemoRoom/Materials/M_UE4_Logo_2.uasset" 292
"../../../../UE4HorizonPlugin/HorizonTweenDemo/Content/DemoRoom/Meshes/SM_UE4_Logo.uasset" 293
"../../../../UE4HorizonPlugin/HorizonTweenDemo/Content/ExampleContent/Blueprints/T_Ring.uasset" 294
"../../../../UE4HorizonPlugin/HorizonTweenDemo/Content/ExampleContent/Blueprints/Materials/M_Impact_Ripple.uasset" 295
"../../../../UE4HorizonPlugin/HorizonTweenDemo/Content/ExampleContent/Blueprints/P_Impact_Ripple.uasset" 296
"../../../../UE4HorizonPlugin/HorizonTweenDemo/Content/ExampleContent/NetworkFeatures/Materials/T_Mug_M.uasset" 297
"../../../../UE4HorizonPlugin/HorizonTweenDemo/Content/ExampleContent/NetworkFeatures/Materials/T_Mug_N.uasset" 298
"../../../../UE4HorizonPlugin/HorizonTweenDemo/Content/ExampleContent/NetworkFeatures/Materials/T_MugLogo_D.uasset" 299
"../../../../UE4HorizonPlugin/HorizonTweenDemo/Content/ExampleContent/NetworkFeatures/Materials/M_Mug.uasset" 300
"../../../../UE4HorizonPlugin/HorizonTweenDemo/Content/ExampleContent/NetworkFeatures/Meshes/Mug.uasset" 301
"../../../../UE4HorizonPlugin/HorizonTweenDemo/Content/StarterContent/Textures/T_Chair_M.uasset" 302
"../../../../UE4HorizonPlugin/HorizonTweenDemo/Content/StarterContent/Textures/T_Chair_N.uasset" 303
"../../../../UE4HorizonPlugin/HorizonTweenDemo/Content/StarterContent/Props/Materials/M_Chair.uasset" 304
"../../../../UE4HorizonPlugin/HorizonTweenDemo/Content/StarterContent/Props/SM_Chair.uasset" 305
"../../../../UE4HorizonPlugin/HorizonTweenDemo/Content/StarterContent/Props/Materials/M_MaterialSphere.uasset" 306
"../../../../UE4HorizonPlugin/HorizonTweenDemo/Content/StarterContent/Props/Materials/M_MaterialSphere_Plain.uasset" 307
"../../../../UE4HorizonPlugin/HorizonTweenDemo/Content/StarterContent/Props/SM_MatPreviewMesh_02.uasset" 308
"../../../../UE4HorizonPlugin/HorizonTweenDemo/Content/Maps/HorizonTweenDemo.umap" 309
"../../../Engine/Content/Maps/Entry_BuiltData.uasset" 310
"../../../Engine/Content/Maps/Entry.umap" 311
