"../../../HorizonTweenDemo/HorizonTweenDemo.uproject" 1
"../../../HorizonTweenDemo/Plugins/HorizonTweenDemo.upluginmanifest" 2
"..\..\..\Engine\Content\Internationalization\icudt53l\cnvalias.icu" 3
"..\..\..\Engine\Content\Internationalization\icudt53l\res_index.res" 4
"..\..\..\Engine\Content\Internationalization\icudt53l\plurals.res" 5
"..\..\..\Engine\Content\Internationalization\icudt53l\lang\en.res" 6
"..\..\..\Engine\Content\Internationalization\icudt53l\lang\pool.res" 7
"..\..\..\Engine\Content\Internationalization\icudt53l\lang\root.res" 8
"..\..\..\Engine\Content\Internationalization\icudt53l\region\en.res" 9
"..\..\..\Engine\Content\Internationalization\icudt53l\region\pool.res" 10
"..\..\..\Engine\Content\Internationalization\icudt53l\region\root.res" 11
"..\..\..\Engine\Content\Internationalization\icudt53l\windowsZones.res" 12
"..\..\..\Engine\Content\Internationalization\icudt53l\zoneinfo64.res" 13
"..\..\..\Engine\Content\Internationalization\icudt53l\keyTypeData.res" 14
"..\..\..\Engine\Content\Internationalization\icudt53l\timezoneTypes.res" 15
"..\..\..\Engine\Content\Internationalization\icudt53l\en_US.res" 16
"..\..\..\Engine\Content\Internationalization\icudt53l\pool.res" 17
"..\..\..\Engine\Content\Internationalization\icudt53l\en.res" 18
"..\..\..\Engine\Content\Internationalization\icudt53l\root.res" 19
"../../../Engine/Config/Base.ini" 20
"../../../Engine/Config/BaseEngine.ini" 21
"../../../HorizonTweenDemo/Config/DefaultEngine.ini" 22
"../../../Engine/Config/Windows/WindowsEngine.ini" 23
"C:/Users/dorgo/AppData/Local/Unreal Engine/Engine/Config/UserEngine.ini" 24
"../../../Engine/Config/BaseGame.ini" 25
"../../../HorizonTweenDemo/Config/DefaultGame.ini" 26
"../../../Engine/Config/BaseInput.ini" 27
"../../../HorizonTweenDemo/Config/DefaultInput.ini" 28
"../../../Engine/Config/BaseCompat.ini" 29
"../../../Engine/Config/BaseLightmass.ini" 30
"../../../Engine/Config/BaseScalability.ini" 31
"../../../Engine/Config/BaseHardware.ini" 32
"../../../Engine/Config/BaseGameUserSettings.ini" 33
"../../../Engine/Plugins/2D/Paper2D/Config/BasePaper2D.ini" 34
"../../../Engine/Plugins/Runtime/Oculus/OculusVR/Config/BaseOculusVR.ini" 35
"../../../Engine/Plugins/Runtime/PhysXVehicles/Config/BasePhysXVehicles.ini" 36
"../../../Engine/Config/BaseDeviceProfiles.ini" 37
"../../../Engine/Config/ConsoleVariables.ini" 38
"D:/workspace/vsts-hsgame/UE4HorizonPlugin/HorizonTweenDemo_ci_build/Win64/master/107/Development/Standalone/WindowsNoEditor/Engine/Content/Localization/Engine/en/Engine.locres" 39
"D:/workspace/vsts-hsgame/UE4HorizonPlugin/HorizonTweenDemo_ci_build/Win64/master/107/Development/Standalone/WindowsNoEditor/Engine/Plugins/Online/OnlineSubsystem/Content/Localization/OnlineSubsystem/en/OnlineSubsystem.locres" 40
"D:/workspace/vsts-hsgame/UE4HorizonPlugin/HorizonTweenDemo_ci_build/Win64/master/107/Development/Standalone/WindowsNoEditor/Engine/Plugins/Online/OnlineSubsystemUtils/Content/Localization/OnlineSubsystemUtils/en/OnlineSubsystemUtils.locres" 41
"..\..\..\Engine\Content\Internationalization\icudt53l\numberingSystems.res" 42
"..\..\..\Engine\Content\Internationalization\icudt53l\curr\supplementalData.res" 43
"..\..\..\Engine\Content\Internationalization\icudt53l\curr\pool.res" 44
"..\..\..\Engine\Content\Internationalization\icudt53l\curr\en.res" 45
"..\..\..\Engine\Content\Internationalization\icudt53l\curr\root.res" 46
"../../../Engine/GlobalShaderCache-PCD3D_SM5.bin" 47
"..\..\..\Engine\Content\Internationalization\icudt53l\brkitr\en_US.res" 48
"..\..\..\Engine\Content\Internationalization\icudt53l\brkitr\en.res" 49
"..\..\..\Engine\Content\Internationalization\icudt53l\brkitr\root.res" 50
"..\..\..\Engine\Content\Internationalization\icudt53l\brkitr\char.brk" 51
"../../../Engine/Content/Slate/Checkerboard.png" 52
"../../../Engine/Content/Slate/Icons/DefaultAppIcon.png" 53
"../../../Engine/Content/Slate/Old/White.png" 54
"../../../Engine/Content/Slate/Common/BoxShadow.png" 55
"../../../Engine/Content/Slate/Old/DashedBorder.png" 56
"../../../Engine/Content/Slate/Common/CursorPing.png" 57
"../../../Engine/Content/Slate/Common/TextBlockHighlightShape.png" 58
"../../../Engine/Content/Slate/Common/TextBlockHighlightShape_Empty.png" 59
"../../../Engine/Content/Slate/Icons/cursor_grab.png" 60
"../../../Engine/Content/Slate/Icons/cursor_cardinal_cross.png" 61
"../../../Engine/Content/Slate/Icons/TrashCan.png" 62
"../../../Engine/Content/Slate/Icons/TrashCan_Small.png" 63
"../../../Engine/Content/Slate/Icons/Cross_12x.png" 64
"../../../Engine/Content/Slate/Icons/denied_16x.png" 65
"../../../Engine/Content/Slate/Icons/icon_error_16x.png" 66
"../../../Engine/Content/Slate/Icons/icon_help_16x.png" 67
"../../../Engine/Content/Slate/Icons/icon_info_16x.png" 68
"../../../Engine/Content/Slate/Icons/icon_warning_16x.png" 69
"../../../Engine/Content/Slate/Icons/icon_Downloads_16x.png" 70
"../../../Engine/Content/Slate/Common/GroupBorder.png" 71
"../../../Engine/Content/Slate/Common/DebugBorder.png" 72
"../../../Engine/Content/Slate/Old/Menu_Background.png" 73
"../../../Engine/Content/Slate/Icons/icon_undo_16px.png" 74
"../../../Engine/Content/Slate/Icons/icon_redo_16px.png" 75
"../../../Engine/Content/Slate/Icons/Edit/icon_Edit_Copy_16x.png" 76
"../../../Engine/Content/Slate/Icons/Edit/icon_Edit_Cut_16x.png" 77
"../../../Engine/Content/Slate/Icons/Edit/icon_Edit_Delete_16x.png" 78
"../../../Engine/Content/Slate/Icons/Edit/icon_Edit_Paste_16x.png" 79
"../../../Engine/Content/Slate/Icons/Edit/icon_Edit_Duplicate_16x.png" 80
"../../../Engine/Content/Slate/Icons/Edit/icon_Edit_Rename_16x.png" 81
"../../../Engine/Content/Slate/Common/VerticalBoxDragIndicator.png" 82
"../../../Engine/Content/Slate/Common/VerticalBoxDragIndicatorShort.png" 83
"../../../Engine/Content/Slate/Icons/PlusSymbol_12x.png" 84
"../../../Engine/Content/Slate/Icons/ellipsis_12x.png" 85
"../../../Engine/Content/Slate/Common/Check.png" 86
"../../../Engine/Content/Slate/Common/EditableTextSelectionBackground.png" 87
"../../../Engine/Content/Slate/Old/HyperlinkDotted.png" 88
"../../../Engine/Content/Slate/Old/ToolTip_Background.png" 89
"../../../Engine/Content/Slate/Old/ToolTip_BrightBackground.png" 90
"../../../Engine/Content/Slate/Old/Border.png" 91
"../../../Engine/Content/Slate/Common/Throbber_Piece.png" 92
"../../../Engine/Content/Slate/Common/TextBoxLabelBorder.png" 93
"../../../Engine/Content/Slate/Common/Checker.png" 94
"../../../Engine/Content/Slate/Icons/eyedropper_16px.png" 95
"../../../Engine/Content/Slate/Common/ColorPicker_Mode_16x.png" 96
"../../../Engine/Content/Slate/Common/ColorPicker_Separator.png" 97
"../../../Engine/Content/Slate/Common/Circle.png" 98
"../../../Engine/Content/Slate/Common/ColorSpectrum.png" 99
"../../../Engine/Content/Slate/Common/X.png" 100
"../../../Engine/Content/Slate/Common/ColorWheel.png" 101
"../../../Engine/Content/Slate/Common/ColorGradingWheel.png" 102
"../../../Engine/Content/Slate/Common/TreeArrow_Collapsed.png" 103
"../../../Engine/Content/Slate/Common/TreeArrow_Collapsed_Hovered.png" 104
"../../../Engine/Content/Slate/Common/TreeArrow_Expanded.png" 105
"../../../Engine/Content/Slate/Common/TreeArrow_Expanded_Hovered.png" 106
"../../../Engine/Content/Slate/Icons/icon_generic_toolbar.png" 107
"../../../Engine/Content/Slate/Icons/icon_tab_toolbar_16px.png" 108
"../../../Engine/Content/Slate/Icons/toolbar_expand_16x.png" 109
"../../../Engine/Content/Slate/Common/SubmenuArrow.png" 110
"../../../Engine/Content/Slate/Old/Button.png" 111
"../../../Engine/Content/Slate/Common/RoundedSelection_16x.png" 112
"../../../Engine/Content/Slate/Common/Selection.png" 113
"../../../Engine/Content/Slate/Common/Button.png" 114
"../../../Engine/Content/Slate/Common/ExpansionButton_CloseOverlay.png" 115
"../../../Engine/Content/Slate/Common/Delimiter.png" 116
"../../../Engine/Content/Slate/Old/Menu_Background_Inverted_Border_Bold.png" 117
"../../../Engine/Content/Slate/Old/Notification_Border_Flash.png" 118
"../../../Engine/Content/Slate/Icons/notificationlist_success.png" 119
"../../../Engine/Content/Slate/Icons/notificationlist_fail.png" 120
"../../../Engine/Content/Slate/Common/EventMessage_Default.png" 121
"../../../Engine/Content/Slate/Common/Separator.png" 122
"../../../Engine/Content/Slate/Docking/OuterDockingIndicator.png" 123
"../../../Engine/Content/Slate/Docking/DockingIndicator_Center.png" 124
"../../../Engine/Content/Slate/Tutorials/TutorialBorder.png" 125
"../../../Engine/Content/Slate/Tutorials/TutorialShadow.png" 126
"../../../Engine/Content/Slate/Icons/icon_tab_WidgetReflector_16x.png" 127
"../../../Engine/Content/Slate/Icons/icon_tab_WidgetReflector_40x.png" 128
"../../../Engine/Content/Slate/MessageLog/Log_Error.png" 129
"../../../Engine/Content/Slate/MessageLog/Log_Warning.png" 130
"../../../Engine/Content/Slate/MessageLog/Log_Note.png" 131
"../../../Engine/Content/Slate/Icons/BackIcon.png" 132
"../../../Engine/Content/Slate/Icons/NextIcon.png" 133
"../../../Engine/Content/Slate/Common/Scrollbar_Background_Vertical.png" 134
"../../../Engine/Content/Slate/Common/Scrollbar_Background_Horizontal.png" 135
"../../../Engine/Content/Slate/Common/Scrollbar_Thumb.png" 136
"../../../Engine/Content/Slate/Common/Button_Hovered.png" 137
"../../../Engine/Content/Slate/Common/Button_Pressed.png" 138
"../../../Engine/Content/Slate/Common/ComboArrow.png" 139
"../../../Engine/Content/Slate/Common/CheckBox.png" 140
"../../../Engine/Content/Slate/Common/CheckBox_Hovered.png" 141
"../../../Engine/Content/Slate/Common/CheckBox_Checked_Hovered.png" 142
"../../../Engine/Content/Slate/Common/CheckBox_Checked.png" 143
"../../../Engine/Content/Slate/Common/CheckBox_Undetermined.png" 144
"../../../Engine/Content/Slate/Common/CheckBox_Undetermined_Hovered.png" 145
"../../../Engine/Content/Slate/Common/Selector.png" 146
"../../../Engine/Content/Slate/Common/RadioButton_Unselected_16x.png" 147
"../../../Engine/Content/Slate/Common/RadioButton_Selected_16x.png" 148
"../../../Engine/Content/Slate/Common/TextBox.png" 149
"../../../Engine/Content/Slate/Common/TextBox_Hovered.png" 150
"../../../Engine/Content/Slate/Common/TextBox_ReadOnly.png" 151
"../../../Engine/Content/Slate/Common/TextBox_Dark.png" 152
"../../../Engine/Content/Slate/Common/TextBox_Hovered_Dark.png" 153
"../../../Engine/Content/Slate/Old/HyperlinkUnderline.png" 154
"../../../Engine/Content/Slate/Common/ProgressBar_Background.png" 155
"../../../Engine/Content/Slate/Common/ProgressBar_Fill.png" 156
"../../../Engine/Content/Slate/Common/ProgressBar_Marquee.png" 157
"../../../Engine/Content/Slate/Common/TextBox_Special.png" 158
"../../../Engine/Content/Slate/Common/TextBox_Special_Hovered.png" 159
"../../../Engine/Content/Slate/Common/UpArrow.png" 160
"../../../Engine/Content/Slate/Common/DownArrow.png" 161
"../../../Engine/Content/Slate/Common/SearchGlass.png" 162
"../../../Engine/Content/Slate/Common/Button_Disabled.png" 163
"../../../Engine/Content/Slate/Common/VolumeControl_High.png" 164
"../../../Engine/Content/Slate/Common/VolumeControl_Mid.png" 165
"../../../Engine/Content/Slate/Common/VolumeControl_Low.png" 166
"../../../Engine/Content/Slate/Common/VolumeControl_Off.png" 167
"../../../Engine/Content/Slate/Common/VolumeControl_Muted.png" 168
"../../../Engine/Content/Slate/Common/Spinbox.png" 169
"../../../Engine/Content/Slate/Common/Spinbox_Hovered.png" 170
"../../../Engine/Content/Slate/Common/Spinbox_Fill.png" 171
"../../../Engine/Content/Slate/Common/Spinbox_Fill_Hovered.png" 172
"../../../Engine/Content/Slate/Common/SpinArrows.png" 173
"../../../Engine/Content/Slate/Common/Spinbox_Fill_Hovered_Dark.png" 174
"../../../Engine/Content/Slate/Common/Spinbox_Fill_Dark.png" 175
"../../../Engine/Content/Slate/Common/ColorPicker_SliderHandle.png" 176
"../../../Engine/Content/Slate/Common/SplitterHandleHighlight.png" 177
"../../../Engine/Content/Slate/Common/DropZoneIndicator_Above.png" 178
"../../../Engine/Content/Slate/Common/DropZoneIndicator_Onto.png" 179
"../../../Engine/Content/Slate/Common/DropZoneIndicator_Below.png" 180
"../../../Engine/Content/Slate/Common/SortUpArrow.png" 181
"../../../Engine/Content/Slate/Common/SortDownArrow.png" 182
"../../../Engine/Content/Slate/Common/SortUpArrows.png" 183
"../../../Engine/Content/Slate/Common/SortDownArrows.png" 184
"../../../Engine/Content/Slate/Common/ColumnHeader.png" 185
"../../../Engine/Content/Slate/Common/ColumnHeader_Hovered.png" 186
"../../../Engine/Content/Slate/Common/ColumnHeader_Arrow.png" 187
"../../../Engine/Content/Slate/Common/ColumnHeaderMenuButton_Normal.png" 188
"../../../Engine/Content/Slate/Common/ColumnHeaderMenuButton_Hovered.png" 189
"../../../Engine/Content/Slate/Common/LastColumnHeader_Hovered.png" 190
"../../../Engine/Content/Slate/Common/HeaderSplitterGrip.png" 191
"../../../Engine/Content/Slate/Common/TableViewHeader.png" 192
"../../../Engine/Content/Slate/Docking/CloseApp_Hovered.png" 193
"../../../Engine/Content/Slate/Docking/CloseApp_Pressed.png" 194
"../../../Engine/Content/Slate/Common/SmallCheckBox.png" 195
"../../../Engine/Content/Slate/Common/SmallCheckBox_Hovered.png" 196
"../../../Engine/Content/Slate/Common/SmallCheckBox_Checked_Hovered.png" 197
"../../../Engine/Content/Slate/Icons/Empty_14x.png" 198
"../../../Engine/Content/Slate/Common/SmallCheck.png" 199
"../../../Engine/Content/Slate/Common/SmallCheckBox_Checked.png" 200
"../../../Engine/Content/Slate/Docking/ShowTabwellButton_Normal.png" 201
"../../../Engine/Content/Slate/Docking/ShowTabwellButton_Hovered.png" 202
"../../../Engine/Content/Slate/Docking/ShowTabwellButton_Pressed.png" 203
"../../../Engine/Content/Slate/Docking/CloseApp_Normal.png" 204
"../../../Engine/Content/Slate/Docking/Tab_Inactive.png" 205
"../../../Engine/Content/Slate/Docking/Tab_Active.png" 206
"../../../Engine/Content/Slate/Docking/Tab_ColorOverlay.png" 207
"../../../Engine/Content/Slate/Docking/Tab_ColorOverlayIcon.png" 208
"../../../Engine/Content/Slate/Docking/Tab_Foreground.png" 209
"../../../Engine/Content/Slate/Docking/Tab_Hovered.png" 210
"../../../Engine/Content/Slate/Docking/TabContentArea.png" 211
"../../../Engine/Content/Slate/Docking/AppTab_Inactive.png" 212
"../../../Engine/Content/Slate/Docking/AppTab_Active.png" 213
"../../../Engine/Content/Slate/Docking/AppTab_ColorOverlay.png" 214
"../../../Engine/Content/Slate/Docking/AppTab_ColorOverlayIcon.png" 215
"../../../Engine/Content/Slate/Docking/AppTab_Foreground.png" 216
"../../../Engine/Content/Slate/Docking/AppTab_Hovered.png" 217
"../../../Engine/Content/Slate/Docking/AppTabContentArea.png" 218
"../../../Engine/Content/Slate/Common/ScrollBoxShadowTop.png" 219
"../../../Engine/Content/Slate/Common/ScrollBoxShadowBottom.png" 220
"../../../Engine/Content/Slate/Common/ScrollBoxShadowLeft.png" 221
"../../../Engine/Content/Slate/Common/ScrollBoxShadowRight.png" 222
"../../../Engine/Content/Slate/Common/ScrollBorderShadowTop.png" 223
"../../../Engine/Content/Slate/Common/ScrollBorderShadowBottom.png" 224
"../../../Engine/Content/Slate/Common/Window/WindowButton_Minimize_Normal.png" 225
"../../../Engine/Content/Slate/Common/Window/WindowButton_Minimize_Hovered.png" 226
"../../../Engine/Content/Slate/Common/Window/WindowButton_Minimize_Pressed.png" 227
"../../../Engine/Content/Slate/Common/Window/WindowButton_Maximize_Normal.png" 228
"../../../Engine/Content/Slate/Common/Window/WindowButton_Maximize_Hovered.png" 229
"../../../Engine/Content/Slate/Common/Window/WindowButton_Maximize_Pressed.png" 230
"../../../Engine/Content/Slate/Common/Window/WindowButton_Restore_Normal.png" 231
"../../../Engine/Content/Slate/Common/Window/WindowButton_Restore_Hovered.png" 232
"../../../Engine/Content/Slate/Common/Window/WindowButton_Restore_Pressed.png" 233
"../../../Engine/Content/Slate/Common/Window/WindowButton_Close_Normal.png" 234
"../../../Engine/Content/Slate/Common/Window/WindowButton_Close_Hovered.png" 235
"../../../Engine/Content/Slate/Common/Window/WindowButton_Close_Pressed.png" 236
"../../../Engine/Content/Slate/Common/Window/WindowTitle.png" 237
"../../../Engine/Content/Slate/Common/Window/WindowTitle_Inactive.png" 238
"../../../Engine/Content/Slate/Common/Window/WindowTitle_Flashing.png" 239
"../../../Engine/Content/Slate/Common/Window/WindowBorder.png" 240
"../../../Engine/Content/Slate/Common/Window/WindowOutline.png" 241
"../../../Engine/Content/Slate/Common/Window/WindowBackground.png" 242
"../../../Engine/Content/Slate/Common/NoiseBackground.png" 243
"../../../HorizonTweenDemo/AssetRegistry.bin" 244
"../../../Engine/Content/EngineResources/WhiteSquareTexture.uasset" 245
"../../../Engine/Content/EngineResources/WhiteSquareTexture.uexp" 246
"../../../HorizonTweenDemo/Saved/Config/WindowsNoEditor/DeviceProfiles.ini" 247
"../../../Engine/Content/EngineResources/GradientTexture0.uasset" 248
"../../../Engine/Content/EngineResources/GradientTexture0.uexp" 249
"../../../Engine/Content/EngineResources/Black.uasset" 250
"../../../Engine/Content/EngineResources/Black.uexp" 251
"../../../Engine/Content/EngineMeshes/Sphere.uasset" 252
"../../../Engine/Content/EngineMeshes/Sphere.uexp" 253
"../../../Engine/Content/EngineMaterials/WorldGridMaterial.uasset" 254
"../../../Engine/Content/EngineMaterials/T_Default_Material_Grid_N.uasset" 255
"../../../Engine/Content/EngineMaterials/T_Default_Material_Grid_M.uasset" 256
"../../../Engine/Content/Functions/Engine_MaterialFunctions01/Opacity/CameraDepthFade.uasset" 257
"../../../Engine/Content/EngineMaterials/T_Default_Material_Grid_N.uexp" 258
"../../../Engine/Content/EngineMaterials/T_Default_Material_Grid_M.uexp" 259
"../../../Engine/Content/EngineSounds/Master.uasset" 260
"../../../Engine/Content/Functions/Engine_MaterialFunctions01/Opacity/CameraDepthFade.uexp" 261
"../../../Engine/Content/EngineMaterials/WorldGridMaterial.uexp" 262
"../../../Engine/Content/EngineSounds/Master.uexp" 263
"../../../Engine/Content/EngineMaterials/DefaultDeferredDecalMaterial.uasset" 264
"../../../Engine/Content/EngineMaterials/DefaultDiffuse.uasset" 265
"../../../Engine/Content/EngineMaterials/DefaultDiffuse.uexp" 266
"../../../Engine/Content/EngineMaterials/DefaultDeferredDecalMaterial.uexp" 267
"../../../Engine/Content/EngineMaterials/DefaultLightFunctionMaterial.uasset" 268
"../../../Engine/Content/EngineMaterials/DefaultLightFunctionMaterial.uexp" 269
"../../../Engine/Content/EngineMaterials/DefaultPostProcessMaterial.uasset" 270
"../../../Engine/Content/Functions/Engine_MaterialFunctions02/Utility/BreakOutFloat2Components.uasset" 271
"../../../Engine/Content/Functions/Engine_MaterialFunctions02/Utility/BreakOutFloat2Components.uexp" 272
"../../../Engine/Content/EngineMaterials/DefaultPostProcessMaterial.uexp" 273
"../../../Engine/Content/EngineResources/DefaultTexture.uasset" 274
"../../../Engine/Content/EngineResources/DefaultTexture.uexp" 275
"../../../Engine/Content/EngineResources/DefaultTextureCube.uasset" 276
"../../../Engine/Content/EngineResources/DefaultTextureCube.uexp" 277
"../../../Engine/Content/EngineFonts/RobotoDistanceField.uasset" 278
"../../../Engine/Content/EngineFonts/RobotoDistanceField.uexp" 279
"../../../Engine/Content/EngineMaterials/DefaultTextMaterialOpaque.uasset" 280
"../../../Engine/Content/EngineMaterials/DefaultTextMaterialOpaque.uexp" 281
"../../../Engine/Content/EngineDamageTypes/DmgTypeBP_Environmental.uasset" 282
"../../../Engine/Content/EngineDamageTypes/DmgTypeBP_Environmental.uexp" 283
"../../../Engine/Content/EngineFonts/Roboto.uasset" 284
"../../../Engine/Content/EngineFonts/Faces/RobotoLight.uasset" 285
"../../../Engine/Content/EngineFonts/Faces/RobotoItalic.uasset" 286
"../../../Engine/Content/EngineFonts/Faces/RobotoRegular.uasset" 287
"../../../Engine/Content/EngineFonts/Faces/RobotoBoldItalic.uasset" 288
"../../../Engine/Content/EngineFonts/Faces/RobotoBold.uasset" 289
"../../../Engine/Content/EngineFonts/Faces/RobotoRegular.uexp" 290
"../../../Engine/Content/EngineFonts/Faces/RobotoLight.uexp" 291
"../../../Engine/Content/EngineFonts/Faces/RobotoItalic.uexp" 292
"../../../Engine/Content/EngineFonts/Faces/RobotoBoldItalic.uexp" 293
"../../../Engine/Content/EngineFonts/Faces/RobotoBold.uexp" 294
"../../../Engine/Content/EngineFonts/Roboto.uexp" 295
"../../../Engine/Content/EngineMaterials/Widget3DPassThrough_Translucent.uasset" 296
"../../../Engine/Content/EngineMaterials/Widget3DPassThrough.uasset" 297
"../../../Engine/Content/EngineMaterials/Widget3DPassThrough.uexp" 298
"../../../Engine/Content/EngineMaterials/Widget3DPassThrough_Translucent.uexp" 299
"../../../Engine/Content/EngineMaterials/Widget3DPassThrough_Translucent_OneSided.uasset" 300
"../../../Engine/Content/EngineMaterials/Widget3DPassThrough_Translucent_OneSided.uexp" 301
"../../../Engine/Content/EngineMaterials/Widget3DPassThrough_Opaque.uasset" 302
"../../../Engine/Content/EngineMaterials/Widget3DPassThrough_Opaque.uexp" 303
"../../../Engine/Content/EngineMaterials/Widget3DPassThrough_Opaque_OneSided.uasset" 304
"../../../Engine/Content/EngineMaterials/Widget3DPassThrough_Opaque_OneSided.uexp" 305
"../../../Engine/Content/EngineMaterials/Widget3DPassThrough_Masked.uasset" 306
"../../../Engine/Content/EngineMaterials/Widget3DPassThrough_Masked.uexp" 307
"../../../Engine/Content/EngineMaterials/Widget3DPassThrough_Masked_OneSided.uasset" 308
"../../../Engine/Content/EngineMaterials/Widget3DPassThrough_Masked_OneSided.uexp" 309
"../../../Engine/Plugins/2D/Paper2D/Content/MaskedUnlitSpriteMaterial.uasset" 310
"../../../Engine/Plugins/2D/Paper2D/Content/DefaultSpriteMaterial.uasset" 311
"../../../Engine/Plugins/2D/Paper2D/Content/PlaceholderTextures/DummySpriteTexture.uasset" 312
"../../../Engine/Plugins/2D/Paper2D/Content/PlaceholderTextures/DummySpriteTexture.uexp" 313
"../../../Engine/Plugins/2D/Paper2D/Content/MaskedUnlitSpriteMaterial.uexp" 314
"../../../Engine/Plugins/2D/Paper2D/Content/DefaultSpriteMaterial.uexp" 315
"../../../Engine/Plugins/2D/Paper2D/Content/OpaqueUnlitSpriteMaterial.uasset" 316
"../../../Engine/Plugins/2D/Paper2D/Content/OpaqueUnlitSpriteMaterial.uexp" 317
"../../../Engine/Plugins/2D/Paper2D/Content/DefaultPaperTerrainMaterial.uasset" 318
"../../../Engine/Plugins/2D/Paper2D/Content/DummySprite.uasset" 319
"../../../Engine/Plugins/2D/Paper2D/Content/DummySprite.uexp" 320
"../../../Engine/Plugins/2D/Paper2D/Content/DefaultPaperTerrainMaterial.uexp" 321
"../../../Engine/Plugins/Media/MediaCompositing/Content/DefaultMediaPlaneMaterial.uasset" 322
"../../../Engine/Plugins/Media/MediaCompositing/Content/DefaultMediaPlaneTexture.uasset" 323
"../../../Engine/Plugins/Media/MediaCompositing/Content/DefaultMediaPlaneTexture.uexp" 324
"../../../Engine/Plugins/Media/MediaCompositing/Content/DefaultMediaPlaneMaterial.uexp" 325
"../../../Engine/Config/BaseEditorPerProjectUserSettings.ini" 326
"../../../Engine/Plugins/Runtime/AppleARKit/Content/ARKitCameraMaterial.uasset" 327
"../../../Engine/Content/Functions/Engine_MaterialFunctions02/Utility/MakeFloat4.uasset" 328
"../../../Engine/Content/Functions/Engine_MaterialFunctions02/Utility/MakeFloat4.uexp" 329
"../../../Engine/Plugins/Runtime/AppleARKit/Content/ARKitCameraMaterial.uexp" 330
"../../../Engine/Plugins/Runtime/Oculus/OculusVR/Content/Meshes/GearVrController.uasset" 331
"../../../Engine/Plugins/Runtime/Oculus/OculusVR/Content/Materials/GearVRControllerMaterial.uasset" 332
"../../../Engine/Plugins/Runtime/Oculus/OculusVR/Content/Textures/GearVRController_Normal.uasset" 333
"../../../Engine/Plugins/Runtime/Oculus/OculusVR/Content/Textures/GearVRController_AO.uasset" 334
"../../../Engine/Plugins/Runtime/Oculus/OculusVR/Content/Textures/GearVRController_Color.uasset" 335
"../../../Engine/Plugins/Runtime/Oculus/OculusVR/Content/Textures/GearVRController_Normal.uexp" 336
"../../../Engine/Plugins/Runtime/Oculus/OculusVR/Content/Textures/GearVRController_Color.uexp" 337
"../../../Engine/Plugins/Runtime/Oculus/OculusVR/Content/Textures/GearVRController_AO.uexp" 338
"../../../Engine/Plugins/Runtime/Oculus/OculusVR/Content/Materials/GearVRControllerMaterial.uexp" 339
"../../../Engine/Plugins/Runtime/Oculus/OculusVR/Content/Meshes/GearVrController.uexp" 340
"../../../Engine/Content/EngineMeshes/Cylinder.uasset" 341
"../../../Engine/Content/EngineMaterials/DefaultMaterial.uasset" 342
"../../../Engine/Content/EngineMaterials/DefaultMaterial.uexp" 343
"../../../Engine/Content/EngineMeshes/Cylinder.uexp" 344
"../../../Engine/Content/EngineMaterials/RemoveSurfaceMaterial.uasset" 345
"../../../Engine/Content/EngineMaterials/RemoveSurfaceMaterial.uexp" 346
"../../../Engine/Content/EngineDebugMaterials/DebugMeshMaterial.uasset" 347
"../../../Engine/Content/EngineDebugMaterials/DebugMeshMaterial.uexp" 348
"../../../Engine/Content/EngineMaterials/M_InvalidLightmapSettings.uasset" 349
"../../../Engine/Content/EngineMaterials/InvalidLightmapSettings.uasset" 350
"../../../Engine/Content/EngineMaterials/InvalidLightmapSettings.uexp" 351
"../../../Engine/Content/EngineMaterials/M_InvalidLightmapSettings.uexp" 352
"../../../Engine/Content/EditorMaterials/GizmoMaterial.uasset" 353
"../../../Engine/Content/EditorMaterials/GizmoMaterial.uexp" 354
"../../../Engine/Content/EngineMaterials/PhAT_JointLimitMaterial.uasset" 355
"../../../Engine/Content/Functions/Engine_MaterialFunctions02/WorldPositionOffset/CameraOffset.uasset" 356
"../../../Engine/Content/Functions/Engine_MaterialFunctions02/WorldPositionOffset/CameraOffset.uexp" 357
"../../../Engine/Content/EngineMaterials/PhAT_JointLimitMaterial.uexp" 358
"../../../Engine/Content/EngineMaterials/Good64x64TilingNoiseHighFreq.uasset" 359
"../../../Engine/Content/EngineMaterials/Good64x64TilingNoiseHighFreq.uexp" 360
"../../../Engine/Content/EngineMaterials/DefaultBokeh.uasset" 361
"../../../Engine/Content/EngineMaterials/DefaultBokeh.uexp" 362
"../../../Engine/Content/EngineMaterials/DefaultBloomKernel.uasset" 363
"../../../Engine/Content/EngineMaterials/DefaultBloomKernel.uexp" 364
"../../../Engine/Content/EngineMaterials/PreintegratedSkinBRDF.uasset" 365
"../../../Engine/Content/EngineMaterials/PreintegratedSkinBRDF.uexp" 366
"../../../Engine/Content/EngineMaterials/MiniFont.uasset" 367
"../../../Engine/Content/EngineMaterials/MiniFont.uexp" 368
"../../../Engine/Content/EngineMaterials/WeightMapPlaceholderTexture.uasset" 369
"../../../Engine/Content/EngineMaterials/WeightMapPlaceholderTexture.uexp" 370
"../../../Engine/Content/EngineMaterials/DefaultWhiteGrid.uasset" 371
"../../../Engine/Content/EngineMaterials/DefaultWhiteGrid.uexp" 372
"../../../Engine/Content/EngineMaterials/DefaultPhysicalMaterial.uasset" 373
"../../../Engine/Content/EngineMaterials/DefaultPhysicalMaterial.uexp" 374
"../../../Engine/Content/EngineFonts/RobotoTiny.uasset" 375
"../../../Engine/Content/EngineFonts/Faces/RobotoTiny.uasset" 376
"../../../Engine/Content/EngineFonts/Faces/RobotoTiny.uexp" 377
"../../../Engine/Content/EngineFonts/RobotoTiny.uexp" 378
"../../../HorizonTweenDemo/Saved/Config/WindowsNoEditor/GameUserSettings.ini" 379
"../../../HorizonTweenDemo/Content/Maps/HorizonTweenDemo.umap" 380
"../../../HorizonTweenDemo/Content/StarterContent/Props/SM_MatPreviewMesh_02.uasset" 381
"../../../HorizonTweenDemo/Content/ExampleContent/NetworkFeatures/Meshes/Mug.uasset" 382
"../../../HorizonTweenDemo/Content/StarterContent/Props/SM_Chair.uasset" 383
"../../../HorizonTweenDemo/Content/ExampleContent/Blueprints/P_Impact_Ripple.uasset" 384
"../../../HorizonTweenDemo/Content/DemoRoom/Meshes/SM_UE4_Logo.uasset" 385
"../../../Engine/Content/BasicShapes/Sphere.uasset" 386
"../../../Engine/Content/BasicShapes/Cube.uasset" 387
"../../../HorizonTweenDemo/Content/DemoRoom/Materials/M_DemoWallPattern_Inst_Mirrored.uasset" 388
"../../../HorizonTweenDemo/Content/DemoRoom/Materials/M_DemoWall_Inst_BaseFloor_Inst.uasset" 389
"../../../HorizonTweenDemo/Content/ExampleContent/Blueprints/Materials/M_Orange_Shiny.uasset" 390
"../../../Engine/Content/BasicShapes/BasicShapeMaterial.uasset" 391
"../../../HorizonTweenDemo/Content/HorizonTweenPluginDemo/UMG/WBP_Demo13.uasset" 392
"../../../HorizonTweenDemo/Content/HorizonTweenPluginDemo/Curve/MyTweenColorCurve.uasset" 393
"../../../HorizonTweenDemo/Content/HorizonTweenPluginDemo/Curve/MyTweenScaleCurve.uasset" 394
"../../../HorizonTweenDemo/Content/HorizonTweenPluginDemo/Curve/MyTweenRotationCurve.uasset" 395
"../../../HorizonTweenDemo/Content/HorizonTweenPluginDemo/Curve/MyTweenMoveCurve.uasset" 396
"../../../HorizonTweenDemo/Content/HorizonTweenPluginDemo/Blueprint/Demo16_ButtonTrigger.uasset" 397
"../../../HorizonTweenDemo/Content/HorizonTweenPluginDemo/Blueprint/Demo13_ButtonTrigger.uasset" 398
"../../../HorizonTweenDemo/Content/ExampleContent/Blueprints/Blueprints/BP_Button.uasset" 399
"../../../HorizonTweenDemo/Content/DemoRoom/BluePrint/RoomDescription.uasset" 400
"../../../HorizonTweenDemo/Content/DemoRoom/BluePrint/BP_DemoRoom.uasset" 401
"../../../HorizonTweenDemo/Content/DemoRoom/BluePrint/BP_DemoDisplay.uasset" 402
"../../../HorizonTweenDemo/Content/Blueprints/CE_Game.uasset" 403
"../../../HorizonTweenDemo/Content/StarterContent/Props/Materials/M_MaterialSphere.uasset" 404
"../../../HorizonTweenDemo/Content/StarterContent/Props/Materials/M_MaterialSphere_Plain.uasset" 405
"../../../HorizonTweenDemo/Content/StarterContent/Props/Materials/M_Chair.uasset" 406
"../../../HorizonTweenDemo/Content/ExampleContent/NetworkFeatures/Materials/M_Mug.uasset" 407
"../../../Engine/Content/EditorMeshes/EditorPlane.uasset" 408
"../../../HorizonTweenDemo/Content/ExampleContent/Blueprints/Materials/M_Impact_Ripple.uasset" 409
"../../../HorizonTweenDemo/Content/ExampleContent/Blueprints/T_Ring.uasset" 410
"../../../HorizonTweenDemo/Content/ExampleContent/NetworkFeatures/Materials/T_MugLogo_D.uasset" 411
"../../../HorizonTweenDemo/Content/ExampleContent/NetworkFeatures/Materials/T_Mug_N.uasset" 412
"../../../HorizonTweenDemo/Content/ExampleContent/NetworkFeatures/Materials/T_Mug_M.uasset" 413
"../../../HorizonTweenDemo/Content/StarterContent/Textures/T_Chair_N.uasset" 414
"../../../HorizonTweenDemo/Content/StarterContent/Textures/T_Chair_M.uasset" 415
"../../../HorizonTweenDemo/Content/DemoRoom/Materials/M_UE4_Logo_2.uasset" 416
"../../../HorizonTweenDemo/Content/DemoRoom/Materials/M_DemoWall_Inst_NamePlate.uasset" 417
"../../../HorizonTweenDemo/Content/DemoRoom/Materials/M_DemoWallPattern_Inst.uasset" 418
"../../../HorizonTweenDemo/Content/DemoRoom/Textures/T_UE4_Logo_M.uasset" 419
"../../../HorizonTweenDemo/Content/DemoRoom/Materials/M_DemoWall_Inst_3.uasset" 420
"../../../HorizonTweenDemo/Content/ExampleContent/Audio/Physical_Materials/Metal.uasset" 421
"../../../HorizonTweenDemo/Content/DemoRoom/Materials/M_DemoWallPattern.uasset" 422
"../../../HorizonTweenDemo/Content/DemoRoom/Materials/M_DemoWall_Inst.uasset" 423
"../../../HorizonTweenDemo/Content/HorizonTweenPluginDemo/Image/sheep_girl.uasset" 424
"../../../HorizonTweenDemo/Content/HorizonTweenPluginDemo/Image/I_C_Watermellon.uasset" 425
"../../../HorizonTweenDemo/Content/HorizonTweenPluginDemo/Image/I_C_Strawberry.uasset" 426
"../../../HorizonTweenDemo/Content/ExampleContent/Audio/Physical_Materials/Rubber.uasset" 427
"../../../HorizonTweenDemo/Content/DemoRoom/Materials/M_DemoWall.uasset" 428
"../../../HorizonTweenDemo/Content/DemoRoom/Textures/T_UnrealEngineDecal.uasset" 429
"../../../HorizonTweenDemo/Content/DemoRoom/Textures/T_Pattern_M.uasset" 430
"../../../HorizonTweenDemo/Content/HorizonTweenPluginDemo/UMG/WBP_Demo16.uasset" 431
"../../../HorizonTweenDemo/Content/ExampleContent/Blueprints/Blueprints/BPI_Interactions.uasset" 432
"../../../HorizonTweenDemo/Content/ExampleContent/Blueprints/Meshes/SM_Button.uasset" 433
"../../../HorizonTweenDemo/Content/ExampleContent/Blueprints/Meshes/SM_Button_Base.uasset" 434
"../../../HorizonTweenDemo/Content/DemoRoom/Meshes/SM_Base_FlatWall.uasset" 435
"../../../HorizonTweenDemo/Content/DemoRoom/Meshes/SM_Base.uasset" 436
"../../../HorizonTweenDemo/Content/DemoRoom/Meshes/SM_URoom_Wall2.uasset" 437
"../../../HorizonTweenDemo/Content/DemoRoom/Meshes/SM_DemoRoomU_Hole.uasset" 438
"../../../HorizonTweenDemo/Content/DemoRoom/Meshes/SM_URoom_Wall.uasset" 439
"../../../HorizonTweenDemo/Content/DemoRoom/Meshes/SM_DemoRoomU2.uasset" 440
"../../../HorizonTweenDemo/Content/DemoRoom/Meshes/SM_DemoRoomU.uasset" 441
"../../../HorizonTweenDemo/Content/DemoRoom/Meshes/SM_DemoRoomTrim2.uasset" 442
"../../../HorizonTweenDemo/Content/DemoRoom/Meshes/SM_DemoRoomTrimAdd.uasset" 443
"../../../HorizonTweenDemo/Content/DemoRoom/Meshes/SM_DemoRoomTrim.uasset" 444
"../../../HorizonTweenDemo/Content/DemoRoom/Meshes/SM_DemoRoomLTrim.uasset" 445
"../../../HorizonTweenDemo/Content/DemoRoom/Meshes/SM_DemoRoomL.uasset" 446
"../../../HorizonTweenDemo/Content/DemoRoom/Meshes/SM_DemoRoomClamp2.uasset" 447
"../../../HorizonTweenDemo/Content/DemoRoom/Meshes/SM_DemoRoomClamp.uasset" 448
"../../../HorizonTweenDemo/Content/DemoRoom/Meshes/SM_DemoRoomBackWall2.uasset" 449
"../../../HorizonTweenDemo/Content/DemoRoom/Meshes/SM_DemoRoomBackWall.uasset" 450
"../../../HorizonTweenDemo/Content/DemoRoom/Meshes/SM_DemoDivider_2.uasset" 451
"../../../HorizonTweenDemo/Content/DemoRoom/Meshes/SM_DemoDivider_1.uasset" 452
"../../../HorizonTweenDemo/Content/DemoRoom/BluePrint/BP_DemoRoom_Enum.uasset" 453
"../../../HorizonTweenDemo/Content/DemoRoom/Materials/M_Glass_Inst.uasset" 454
"../../../HorizonTweenDemo/Content/DemoRoom/Materials/M_DemoWallPattern_NoText.uasset" 455
"../../../HorizonTweenDemo/Content/DemoRoom/Materials/M_DemoRoomTiles_Inst.uasset" 456
"../../../HorizonTweenDemo/Content/DemoRoom/Materials/M_Glass.uasset" 457
"../../../HorizonTweenDemo/Content/DemoRoom/Materials/DefaultTextMaterialTranslucentUnlit.uasset" 458
"../../../HorizonTweenDemo/Content/DemoRoom/BluePrint/DemoRoomStruct.uasset" 459
"../../../HorizonTweenDemo/Content/DemoRoom/Materials/M_DemoWall_Inst2.uasset" 460
"../../../HorizonTweenDemo/Content/DemoRoom/Materials/M_LightTube_Inst.uasset" 461
"../../../HorizonTweenDemo/Content/DemoRoom/Materials/M_DemoWall_MattPlastic.uasset" 462
"../../../HorizonTweenDemo/Content/DemoRoom/Materials/M_LightTube.uasset" 463
"../../../HorizonTweenDemo/Content/ExampleContent/Audio/Physical_Materials/Concrete.uasset" 464
"../../../HorizonTweenDemo/Content/DemoRoom/Materials/M_DemoRoomTiles.uasset" 465
"../../../HorizonTweenDemo/Content/DemoRoom/Meshes/SM_NamePlate.uasset" 466
"../../../HorizonTweenDemo/Content/DemoRoom/Meshes/SM_BaseRoom.uasset" 467
"../../../HorizonTweenDemo/Content/DemoRoom/Meshes/SM_Base2.uasset" 468
"../../../HorizonTweenDemo/Content/DemoRoom/BluePrint/BP_DemoDisplay_Enum.uasset" 469
"../../../HorizonTweenDemo/Content/DemoRoom/Textures/T_RoomTiles_N.uasset" 470
"../../../HorizonTweenDemo/Content/DemoRoom/Textures/T_RoomTiles_M.uasset" 471
"../../../HorizonTweenDemo/Content/ExampleContent/Physics/Blueprints/PhysicsDemoPlayerController.uasset" 472
"../../../HorizonTweenDemo/Content/ExampleContent/Physics/Blueprints/Hud_forPhysicsDemo.uasset" 473
"../../../HorizonTweenDemo/Content/Blueprints/BP_PlayerCharacter.uasset" 474
"../../../HorizonTweenDemo/Content/ExampleContent/Blueprint_Communication/Materials/M_Crosshair.uasset" 475
"../../../HorizonTweenDemo/Content/ExampleContent/Blueprint_Communication/Textures/T_Crosshair_M.uasset" 476
"../../../HorizonTweenDemo/Content/ExampleContent/Physics/Blueprints/PhysicsAnimationBlendingHittReaction.uasset" 477
"../../../HorizonTweenDemo/Content/ExampleContent/Blueprints/Blueprints/BP_Button_Counter.uasset" 478
"../../../HorizonTweenDemo/Content/ExampleContent/AnimationDemo/BluePrints/BP_Slider.uasset" 479
"../../../HorizonTweenDemo/Content/Animations/Run_Fwd.uasset" 480
"../../../HorizonTweenDemo/Content/Character/HeroTPP.uasset" 481
"../../../HorizonTweenDemo/Content/ExampleContent/Math_Hall/Blueprint/BP_Graph.uasset" 482
"../../../HorizonTweenDemo/Content/DemoRoom/Meshes/SM_SliderBase.uasset" 483
"../../../HorizonTweenDemo/Content/DemoRoom/Meshes/SM_Slider1.uasset" 484
"../../../HorizonTweenDemo/Content/DemoRoom/Materials/M_LightSculpture_Green.uasset" 485
"../../../HorizonTweenDemo/Content/ExampleContent/MaterialInstances/Materials/M_Arrows.uasset" 486
"../../../HorizonTweenDemo/Content/DemoRoom/Materials/M_LightSculpture_Red.uasset" 487
"../../../HorizonTweenDemo/Content/ExampleContent/Math_Hall/Blueprint/BP_Graph_Enum.uasset" 488
"../../../HorizonTweenDemo/Content/DemoRoom/Meshes/SM_GraphFrame.uasset" 489
"../../../HorizonTweenDemo/Content/Character/HeroTPP_Skeleton.uasset" 490
"../../../HorizonTweenDemo/Content/Character/HeroTPP_Physics2.uasset" 491
"../../../HorizonTweenDemo/Content/ExampleContent/Audio/Physical_Materials/Default.uasset" 492
"../../../HorizonTweenDemo/Content/DemoRoom/Materials/M_LightSculpture.uasset" 493
"../../../HorizonTweenDemo/Content/ExampleContent/Blueprints/Blueprints/BP_Button_Counter.uexp" 494
"../../../HorizonTweenDemo/Content/ExampleContent/Physics/Blueprints/Hud_forPhysicsDemo.uexp" 495
"../../../HorizonTweenDemo/Content/DemoRoom/Materials/M_LightSculpture.uexp" 496
"../../../HorizonTweenDemo/Content/ExampleContent/Audio/Physical_Materials/Default.uexp" 497
"../../../HorizonTweenDemo/Content/Character/HeroTPP_Skeleton.uexp" 498
"../../../HorizonTweenDemo/Content/ExampleContent/Math_Hall/Blueprint/BP_Graph_Enum.uexp" 499
"../../../HorizonTweenDemo/Content/DemoRoom/Meshes/SM_GraphFrame.uexp" 500
"../../../HorizonTweenDemo/Content/DemoRoom/Materials/M_LightSculpture_Red.uexp" 501
"../../../HorizonTweenDemo/Content/DemoRoom/Meshes/SM_SliderBase.uexp" 502
"../../../HorizonTweenDemo/Content/DemoRoom/Meshes/SM_Slider1.uexp" 503
"../../../HorizonTweenDemo/Content/DemoRoom/Materials/M_LightSculpture_Green.uexp" 504
"../../../HorizonTweenDemo/Content/ExampleContent/MaterialInstances/Materials/M_Arrows.uexp" 505
"../../../HorizonTweenDemo/Content/ExampleContent/Math_Hall/Blueprint/BP_Graph.uexp" 506
"../../../HorizonTweenDemo/Content/Animations/Run_Fwd.uexp" 507
"../../../HorizonTweenDemo/Content/ExampleContent/Physics/Blueprints/PhysicsAnimationBlendingHittReaction.uexp" 508
"../../../HorizonTweenDemo/Content/ExampleContent/AnimationDemo/BluePrints/BP_Slider.uexp" 509
"../../../HorizonTweenDemo/Content/ExampleContent/Blueprint_Communication/Textures/T_Crosshair_M.uexp" 510
"../../../HorizonTweenDemo/Content/ExampleContent/Blueprint_Communication/Materials/M_Crosshair.uexp" 511
"../../../HorizonTweenDemo/Content/ExampleContent/Physics/Blueprints/PhysicsDemoPlayerController.uexp" 512
"../../../HorizonTweenDemo/Content/Blueprints/BP_PlayerCharacter.uexp" 513
"../../../HorizonTweenDemo/Content/DemoRoom/Textures/T_RoomTiles_N.uexp" 514
"../../../HorizonTweenDemo/Content/DemoRoom/Textures/T_RoomTiles_M.uexp" 515
"../../../HorizonTweenDemo/Content/DemoRoom/Meshes/SM_NamePlate.uexp" 516
"../../../HorizonTweenDemo/Content/DemoRoom/Meshes/SM_BaseRoom.uexp" 517
"../../../HorizonTweenDemo/Content/DemoRoom/Meshes/SM_Base2.uexp" 518
"../../../HorizonTweenDemo/Content/DemoRoom/BluePrint/BP_DemoDisplay_Enum.uexp" 519
"../../../HorizonTweenDemo/Content/ExampleContent/Audio/Physical_Materials/Concrete.uexp" 520
"../../../HorizonTweenDemo/Content/DemoRoom/Materials/M_DemoRoomTiles.uexp" 521
"../../../HorizonTweenDemo/Content/DemoRoom/Materials/M_LightTube.uexp" 522
"../../../HorizonTweenDemo/Content/DemoRoom/Materials/M_DemoWall_MattPlastic.uexp" 523
"../../../HorizonTweenDemo/Content/DemoRoom/Materials/M_LightTube_Inst.uexp" 524
"../../../HorizonTweenDemo/Content/DemoRoom/Materials/M_DemoWall_Inst2.uexp" 525
"../../../HorizonTweenDemo/Content/DemoRoom/Meshes/SM_URoom_Wall2.uexp" 526
"../../../HorizonTweenDemo/Content/DemoRoom/Meshes/SM_URoom_Wall.uexp" 527
"../../../HorizonTweenDemo/Content/DemoRoom/Meshes/SM_DemoRoomU_Hole.uexp" 528
"../../../HorizonTweenDemo/Content/DemoRoom/Meshes/SM_DemoRoomU2.uexp" 529
"../../../HorizonTweenDemo/Content/DemoRoom/Meshes/SM_DemoRoomU.uexp" 530
"../../../HorizonTweenDemo/Content/DemoRoom/Meshes/SM_DemoRoomTrimAdd.uexp" 531
"../../../HorizonTweenDemo/Content/DemoRoom/Meshes/SM_DemoRoomTrim2.uexp" 532
"../../../HorizonTweenDemo/Content/DemoRoom/Meshes/SM_DemoRoomTrim.uexp" 533
"../../../HorizonTweenDemo/Content/DemoRoom/Meshes/SM_DemoRoomLTrim.uexp" 534
"../../../HorizonTweenDemo/Content/DemoRoom/Meshes/SM_DemoRoomL.uexp" 535
"../../../HorizonTweenDemo/Content/Character/HeroTPP.uexp" 536
"../../../HorizonTweenDemo/Content/DemoRoom/Meshes/SM_DemoRoomClamp2.uexp" 537
"../../../HorizonTweenDemo/Content/DemoRoom/Meshes/SM_DemoRoomClamp.uexp" 538
"../../../HorizonTweenDemo/Content/DemoRoom/Meshes/SM_DemoRoomBackWall.uexp" 539
"../../../HorizonTweenDemo/Content/DemoRoom/Meshes/SM_DemoDivider_2.uexp" 540
"../../../HorizonTweenDemo/Content/DemoRoom/Meshes/SM_DemoDivider_1.uexp" 541
"../../../HorizonTweenDemo/Content/DemoRoom/BluePrint/BP_DemoRoom_Enum.uexp" 542
"../../../HorizonTweenDemo/Content/DemoRoom/Materials/M_Glass_Inst.uexp" 543
"../../../HorizonTweenDemo/Content/DemoRoom/Materials/M_DemoRoomTiles_Inst.uexp" 544
"../../../HorizonTweenDemo/Content/DemoRoom/Materials/M_Glass.uexp" 545
"../../../HorizonTweenDemo/Content/DemoRoom/Materials/DefaultTextMaterialTranslucentUnlit.uexp" 546
"../../../HorizonTweenDemo/Content/DemoRoom/Materials/M_DemoWallPattern_NoText.uexp" 547
"../../../HorizonTweenDemo/Content/DemoRoom/BluePrint/DemoRoomStruct.uexp" 548
"../../../HorizonTweenDemo/Content/DemoRoom/Meshes/SM_Base_FlatWall.uexp" 549
"../../../HorizonTweenDemo/Content/DemoRoom/Meshes/SM_Base.uexp" 550
"../../../HorizonTweenDemo/Content/ExampleContent/Blueprints/Meshes/SM_Button_Base.uexp" 551
"../../../HorizonTweenDemo/Content/ExampleContent/Blueprints/Meshes/SM_Button.uexp" 552
"../../../HorizonTweenDemo/Content/HorizonTweenPluginDemo/UMG/WBP_Demo16.uexp" 553
"../../../HorizonTweenDemo/Content/ExampleContent/Blueprints/Blueprints/BPI_Interactions.uexp" 554
"../../../HorizonTweenDemo/Content/DemoRoom/Textures/T_UnrealEngineDecal.uexp" 555
"../../../HorizonTweenDemo/Content/DemoRoom/Textures/T_Pattern_M.uexp" 556
"../../../HorizonTweenDemo/Content/ExampleContent/Audio/Physical_Materials/Rubber.uexp" 557
"../../../HorizonTweenDemo/Content/DemoRoom/Materials/M_DemoWall.uexp" 558
"../../../HorizonTweenDemo/Content/HorizonTweenPluginDemo/Image/sheep_girl.uexp" 559
"../../../HorizonTweenDemo/Content/HorizonTweenPluginDemo/Image/I_C_Watermellon.uexp" 560
"../../../HorizonTweenDemo/Content/HorizonTweenPluginDemo/Image/I_C_Strawberry.uexp" 561
"../../../HorizonTweenDemo/Content/DemoRoom/Materials/M_DemoWall_Inst.uexp" 562
"../../../HorizonTweenDemo/Content/ExampleContent/Audio/Physical_Materials/Metal.uexp" 563
"../../../HorizonTweenDemo/Content/DemoRoom/Materials/M_DemoWallPattern.uexp" 564
"../../../HorizonTweenDemo/Content/DemoRoom/Materials/M_DemoWall_Inst_3.uexp" 565
"../../../HorizonTweenDemo/Content/DemoRoom/Textures/T_UE4_Logo_M.uexp" 566
"../../../HorizonTweenDemo/Content/DemoRoom/Materials/M_DemoWall_Inst_NamePlate.uexp" 567
"../../../HorizonTweenDemo/Content/DemoRoom/Materials/M_DemoWallPattern_Inst.uexp" 568
"../../../HorizonTweenDemo/Content/StarterContent/Textures/T_Chair_N.uexp" 569
"../../../HorizonTweenDemo/Content/StarterContent/Textures/T_Chair_M.uexp" 570
"../../../HorizonTweenDemo/Content/ExampleContent/NetworkFeatures/Materials/T_MugLogo_D.uexp" 571
"../../../HorizonTweenDemo/Content/ExampleContent/NetworkFeatures/Materials/T_Mug_N.uexp" 572
"../../../HorizonTweenDemo/Content/ExampleContent/NetworkFeatures/Materials/T_Mug_M.uexp" 573
"../../../HorizonTweenDemo/Content/ExampleContent/Blueprints/T_Ring.uexp" 574
"../../../Engine/Content/EditorMeshes/EditorPlane.uexp" 575
"../../../HorizonTweenDemo/Content/ExampleContent/Blueprints/Materials/M_Impact_Ripple.uexp" 576
"../../../HorizonTweenDemo/Content/ExampleContent/NetworkFeatures/Materials/M_Mug.uexp" 577
"../../../HorizonTweenDemo/Content/StarterContent/Props/Materials/M_Chair.uexp" 578
"../../../HorizonTweenDemo/Content/StarterContent/Props/Materials/M_MaterialSphere_Plain.uexp" 579
"../../../HorizonTweenDemo/Content/StarterContent/Props/Materials/M_MaterialSphere.uexp" 580
"../../../HorizonTweenDemo/Content/StarterContent/Props/SM_MatPreviewMesh_02.uexp" 581
"../../../HorizonTweenDemo/Content/ExampleContent/Blueprints/P_Impact_Ripple.uexp" 582
"../../../HorizonTweenDemo/Content/DemoRoom/Meshes/SM_UE4_Logo.uexp" 583
"../../../Engine/Content/BasicShapes/Sphere.uexp" 584
"../../../Engine/Content/BasicShapes/Cube.uexp" 585
"../../../HorizonTweenDemo/Content/DemoRoom/Materials/M_DemoWallPattern_Inst_Mirrored.uexp" 586
"../../../HorizonTweenDemo/Content/DemoRoom/Materials/M_DemoWall_Inst_BaseFloor_Inst.uexp" 587
"../../../HorizonTweenDemo/Content/ExampleContent/Blueprints/Materials/M_Orange_Shiny.uexp" 588
"../../../Engine/Content/BasicShapes/BasicShapeMaterial.uexp" 589
"../../../HorizonTweenDemo/Content/HorizonTweenPluginDemo/UMG/WBP_Demo13.uexp" 590
"../../../HorizonTweenDemo/Content/HorizonTweenPluginDemo/Curve/MyTweenColorCurve.uexp" 591
"../../../HorizonTweenDemo/Content/HorizonTweenPluginDemo/Curve/MyTweenScaleCurve.uexp" 592
"../../../HorizonTweenDemo/Content/HorizonTweenPluginDemo/Curve/MyTweenRotationCurve.uexp" 593
"../../../HorizonTweenDemo/Content/HorizonTweenPluginDemo/Curve/MyTweenMoveCurve.uexp" 594
"../../../HorizonTweenDemo/Content/HorizonTweenPluginDemo/Blueprint/Demo16_ButtonTrigger.uexp" 595
"../../../HorizonTweenDemo/Content/HorizonTweenPluginDemo/Blueprint/Demo13_ButtonTrigger.uexp" 596
"../../../HorizonTweenDemo/Content/ExampleContent/Blueprints/Blueprints/BP_Button.uexp" 597
"../../../HorizonTweenDemo/Content/DemoRoom/BluePrint/RoomDescription.uexp" 598
"../../../HorizonTweenDemo/Content/DemoRoom/BluePrint/BP_DemoRoom.uexp" 599
"../../../HorizonTweenDemo/Content/DemoRoom/BluePrint/BP_DemoDisplay.uexp" 600
"../../../HorizonTweenDemo/Content/Blueprints/CE_Game.uexp" 601
"../../../HorizonTweenDemo/Content/Maps/HorizonTweenDemo.uexp" 602
"../../../HorizonTweenDemo/Content/Character/HeroTPP_Physics2.uexp" 603
"../../../HorizonTweenDemo/Content/DemoRoom/Meshes/SM_DemoRoomBackWall2.uexp" 604
"../../../HorizonTweenDemo/Content/DemoRoom/Materials/M_UE4_Logo_2.uexp" 605
"../../../HorizonTweenDemo/Content/StarterContent/Props/SM_Chair.uexp" 606
"../../../HorizonTweenDemo/Content/ExampleContent/NetworkFeatures/Meshes/Mug.uexp" 607
"../../../Engine/Content/EngineFonts/Faces/RobotoRegular.ufont" 608
"../../../HorizonTweenDemo/Content/Maps/HorizonTweenDemo.ubulk" 609
"../../../HorizonTweenDemo/Content/DemoRoom/Textures/T_RoomTiles_M.ubulk" 610
"../../../HorizonTweenDemo/Content/ExampleContent/Blueprint_Communication/Textures/T_Crosshair_M.ubulk" 611
"../../../HorizonTweenDemo/Content/DemoRoom/Textures/T_RoomTiles_N.ubulk" 612
"../../../HorizonTweenDemo/Content/DemoRoom/Textures/T_Pattern_M.ubulk" 613
"../../../HorizonTweenDemo/Content/DemoRoom/Textures/T_UE4_Logo_M.ubulk" 614
